[23-Dec-2025 03:50:02 UTC] 0::session.inc:334:[before upgrade] Undefined array key "language"
[23-Dec-2025 03:50:02 UTC] 0::session.inc:334:[before upgrade] Attempt to read property "encoding" on null
[23-Dec-2025 03:50:02 UTC] 0::session.inc:335:[before upgrade] Undefined array key "language"
[23-Dec-2025 03:50:02 UTC] 0::session.inc:335:[before upgrade] Attempt to read property "encoding" on null
[23-Dec-2025 03:50:02 UTC] 0::session.inc:334:[before upgrade] Undefined array key "language"
[23-Dec-2025 03:50:02 UTC] 0::session.inc:334:[before upgrade] Attempt to read property "encoding" on null
[23-Dec-2025 03:50:02 UTC] 0::session.inc:335:[before upgrade] Undefined array key "language"
[23-Dec-2025 03:50:02 UTC] 0::session.inc:335:[before upgrade] Attempt to read property "encoding" on null
[23-Dec-2025 03:50:02 UTC] 0::session.inc:334:[before upgrade] Undefined array key "language"
[23-Dec-2025 03:50:02 UTC] 0::session.inc:334:[before upgrade] Attempt to read property "encoding" on null
[23-Dec-2025 03:50:02 UTC] 0::session.inc:335:[before upgrade] Undefined array key "language"
[23-Dec-2025 03:50:02 UTC] 0::session.inc:335:[before upgrade] Attempt to read property "encoding" on null
[23-Dec-2025 03:50:02 UTC] 0::session.inc:334:[before upgrade] Undefined array key "language"
[23-Dec-2025 03:50:02 UTC] 0::session.inc:334:[before upgrade] Attempt to read property "encoding" on null
[23-Dec-2025 03:50:02 UTC] 0::session.inc:335:[before upgrade] Undefined array key "language"
[23-Dec-2025 03:50:02 UTC] 0::session.inc:335:[before upgrade] Attempt to read property "encoding" on null
[23-Dec-2025 03:50:02 UTC] 0::session.inc:334:[before upgrade] Undefined array key "language"
[23-Dec-2025 03:50:02 UTC] 0::session.inc:334:[before upgrade] Attempt to read property "encoding" on null
[23-Dec-2025 03:50:02 UTC] 0::session.inc:335:[before upgrade] Undefined array key "language"
[23-Dec-2025 03:50:02 UTC] 0::session.inc:335:[before upgrade] Attempt to read property "encoding" on null
[23-Dec-2025 03:50:02 UTC] 0::session.inc:334:[before upgrade] Undefined array key "language"
[23-Dec-2025 03:50:02 UTC] 0::session.inc:334:[before upgrade] Attempt to read property "encoding" on null
[23-Dec-2025 03:50:02 UTC] 0::session.inc:335:[before upgrade] Undefined array key "language"
[23-Dec-2025 03:50:02 UTC] 0::session.inc:335:[before upgrade] Attempt to read property "encoding" on null
[23-Dec-2025 03:50:02 UTC] 0::session.inc:334:[before upgrade] Undefined array key "language"
[23-Dec-2025 03:50:02 UTC] 0::session.inc:334:[before upgrade] Attempt to read property "encoding" on null
[23-Dec-2025 03:50:02 UTC] 0::session.inc:335:[before upgrade] Undefined array key "language"
[23-Dec-2025 03:50:02 UTC] 0::session.inc:335:[before upgrade] Attempt to read property "encoding" on null
[23-Dec-2025 03:50:02 UTC] 0::session.inc:334:[before upgrade] Undefined array key "language"
[23-Dec-2025 03:50:02 UTC] 0::session.inc:334:[before upgrade] Attempt to read property "encoding" on null
[23-Dec-2025 03:50:02 UTC] 0::session.inc:335:[before upgrade] Undefined array key "language"
[23-Dec-2025 03:50:02 UTC] 0::session.inc:335:[before upgrade] Attempt to read property "encoding" on null
[23-Dec-2025 03:50:02 UTC] 0::session.inc:334:[before upgrade] Undefined array key "language"
[23-Dec-2025 03:50:02 UTC] 0::session.inc:334:[before upgrade] Attempt to read property "encoding" on null
[23-Dec-2025 03:50:02 UTC] 0::session.inc:335:[before upgrade] Undefined array key "language"
[23-Dec-2025 03:50:02 UTC] 0::session.inc:335:[before upgrade] Attempt to read property "encoding" on null
[23-Dec-2025 03:50:02 UTC] 0::session.inc:334:[before upgrade] Undefined array key "language"
[23-Dec-2025 03:50:02 UTC] 0::session.inc:334:[before upgrade] Attempt to read property "encoding" on null
[23-Dec-2025 03:50:02 UTC] 0::session.inc:335:[before upgrade] Undefined array key "language"
[23-Dec-2025 03:50:02 UTC] 0::session.inc:335:[before upgrade] Attempt to read property "encoding" on null
[23-Dec-2025 03:50:02 UTC] 0::session.inc:334:[before upgrade] Undefined array key "language"
[23-Dec-2025 03:50:02 UTC] 0::session.inc:334:[before upgrade] Attempt to read property "encoding" on null
[23-Dec-2025 03:50:02 UTC] 0::session.inc:335:[before upgrade] Undefined array key "language"
[23-Dec-2025 03:50:02 UTC] 0::session.inc:335:[before upgrade] Attempt to read property "encoding" on null
[23-Dec-2025 03:50:02 UTC] 0::session.inc:334:[before upgrade] Undefined array key "language"
[23-Dec-2025 03:50:02 UTC] 0::session.inc:334:[before upgrade] Attempt to read property "encoding" on null
[23-Dec-2025 03:50:02 UTC] 0::session.inc:335:[before upgrade] Undefined array key "language"
[23-Dec-2025 03:50:02 UTC] 0::session.inc:335:[before upgrade] Attempt to read property "encoding" on null
[23-Dec-2025 03:50:02 UTC] 0::session.inc:334:[before upgrade] Undefined array key "language"
[23-Dec-2025 03:50:02 UTC] 0::session.inc:334:[before upgrade] Attempt to read property "encoding" on null
[23-Dec-2025 03:50:02 UTC] 0::session.inc:335:[before upgrade] Undefined array key "language"
[23-Dec-2025 03:50:02 UTC] 0::session.inc:335:[before upgrade] Attempt to read property "encoding" on null
[23-Dec-2025 03:50:02 UTC] 0::session.inc:334:[before upgrade] Undefined array key "language"
[23-Dec-2025 03:50:02 UTC] 0::session.inc:334:[before upgrade] Attempt to read property "encoding" on null
[23-Dec-2025 03:50:02 UTC] 0::session.inc:335:[before upgrade] Undefined array key "language"
[23-Dec-2025 03:50:02 UTC] 0::session.inc:335:[before upgrade] Attempt to read property "encoding" on null
[23-Dec-2025 03:50:02 UTC] 0::session.inc:334:[before upgrade] Undefined array key "language"
[23-Dec-2025 03:50:02 UTC] 0::session.inc:334:[before upgrade] Attempt to read property "encoding" on null
[23-Dec-2025 03:50:02 UTC] 0::session.inc:335:[before upgrade] Undefined array key "language"
[23-Dec-2025 03:50:02 UTC] 0::session.inc:335:[before upgrade] Attempt to read property "encoding" on null
[23-Dec-2025 03:50:02 UTC] 0::session.inc:334:[before upgrade] Undefined array key "language"
[23-Dec-2025 03:50:02 UTC] 0::session.inc:334:[before upgrade] Attempt to read property "encoding" on null
[23-Dec-2025 03:50:02 UTC] 0::session.inc:335:[before upgrade] Undefined array key "language"
[23-Dec-2025 03:50:02 UTC] 0::session.inc:335:[before upgrade] Attempt to read property "encoding" on null
[23-Dec-2025 03:50:02 UTC] 0::session.inc:334:[before upgrade] Undefined array key "language"
[23-Dec-2025 03:50:02 UTC] 0::session.inc:334:[before upgrade] Attempt to read property "encoding" on null
[23-Dec-2025 03:50:02 UTC] 0::session.inc:335:[before upgrade] Undefined array key "language"
[23-Dec-2025 03:50:02 UTC] 0::session.inc:335:[before upgrade] Attempt to read property "encoding" on null
[23-Dec-2025 03:50:02 UTC] 0::session.inc:334:[before upgrade] Undefined array key "language"
[23-Dec-2025 03:50:02 UTC] 0::session.inc:334:[before upgrade] Attempt to read property "encoding" on null
[23-Dec-2025 03:50:02 UTC] 0::session.inc:335:[before upgrade] Undefined array key "language"
[23-Dec-2025 03:50:02 UTC] 0::session.inc:335:[before upgrade] Attempt to read property "encoding" on null
[23-Dec-2025 03:50:02 UTC] 0::session.inc:334:[before upgrade] Undefined array key "language"
[23-Dec-2025 03:50:02 UTC] 0::session.inc:334:[before upgrade] Attempt to read property "encoding" on null
[23-Dec-2025 03:50:02 UTC] 0::session.inc:335:[before upgrade] Undefined array key "language"
[23-Dec-2025 03:50:02 UTC] 0::session.inc:335:[before upgrade] Attempt to read property "encoding" on null
[23-Dec-2025 03:50:02 UTC] 0::session.inc:334:[before upgrade] Undefined array key "language"
[23-Dec-2025 03:50:02 UTC] 0::session.inc:334:[before upgrade] Attempt to read property "encoding" on null
[23-Dec-2025 03:50:02 UTC] 0::session.inc:335:[before upgrade] Undefined array key "language"
[23-Dec-2025 03:50:02 UTC] 0::session.inc:335:[before upgrade] Attempt to read property "encoding" on null
[23-Dec-2025 03:50:02 UTC] 0::session.inc:334:[before upgrade] Undefined array key "language"
[23-Dec-2025 03:50:02 UTC] 0::session.inc:334:[before upgrade] Attempt to read property "encoding" on null
[23-Dec-2025 03:50:02 UTC] 0::session.inc:335:[before upgrade] Undefined array key "language"
[23-Dec-2025 03:50:02 UTC] 0::session.inc:335:[before upgrade] Attempt to read property "encoding" on null
[23-Dec-2025 03:50:02 UTC] 0::session.inc:334:[before upgrade] Undefined array key "language"
[23-Dec-2025 03:50:02 UTC] 0::session.inc:334:[before upgrade] Attempt to read property "encoding" on null
[23-Dec-2025 03:50:02 UTC] 0::session.inc:335:[before upgrade] Undefined array key "language"
[23-Dec-2025 03:50:02 UTC] 0::session.inc:335:[before upgrade] Attempt to read property "encoding" on null
[23-Dec-2025 03:50:02 UTC] 0::session.inc:334:[before upgrade] Undefined array key "language"
[23-Dec-2025 03:50:02 UTC] 0::session.inc:334:[before upgrade] Attempt to read property "encoding" on null
[23-Dec-2025 03:50:02 UTC] 0::session.inc:335:[before upgrade] Undefined array key "language"
[23-Dec-2025 03:50:02 UTC] 0::session.inc:335:[before upgrade] Attempt to read property "encoding" on null
[23-Dec-2025 03:50:02 UTC] 0::session.inc:334:[before upgrade] Undefined array key "language"
[23-Dec-2025 03:50:02 UTC] 0::session.inc:334:[before upgrade] Attempt to read property "encoding" on null
[23-Dec-2025 03:50:02 UTC] 0::session.inc:335:[before upgrade] Undefined array key "language"
[23-Dec-2025 03:50:02 UTC] 0::session.inc:335:[before upgrade] Attempt to read property "encoding" on null
[23-Dec-2025 03:50:02 UTC] 0::session.inc:334:[before upgrade] Undefined array key "language"
[23-Dec-2025 03:50:02 UTC] 0::session.inc:334:[before upgrade] Attempt to read property "encoding" on null
[23-Dec-2025 03:50:02 UTC] 0::session.inc:335:[before upgrade] Undefined array key "language"
[23-Dec-2025 03:50:02 UTC] 0::session.inc:335:[before upgrade] Attempt to read property "encoding" on null
[23-Dec-2025 03:50:02 UTC] 0::session.inc:334:[before upgrade] Undefined array key "language"
[23-Dec-2025 03:50:02 UTC] 0::session.inc:334:[before upgrade] Attempt to read property "encoding" on null
[23-Dec-2025 03:50:02 UTC] 0::session.inc:335:[before upgrade] Undefined array key "language"
[23-Dec-2025 03:50:02 UTC] 0::session.inc:335:[before upgrade] Attempt to read property "encoding" on null
[23-Dec-2025 03:50:02 UTC] 0::session.inc:334:[before upgrade] Undefined array key "language"
[23-Dec-2025 03:50:02 UTC] 0::session.inc:334:[before upgrade] Attempt to read property "encoding" on null
[23-Dec-2025 03:50:02 UTC] 0::session.inc:335:[before upgrade] Undefined array key "language"
[23-Dec-2025 03:50:02 UTC] 0::session.inc:335:[before upgrade] Attempt to read property "encoding" on null
[23-Dec-2025 03:50:02 UTC] 0::session.inc:334:[before upgrade] Undefined array key "language"
[23-Dec-2025 03:50:02 UTC] 0::session.inc:334:[before upgrade] Attempt to read property "encoding" on null
[23-Dec-2025 03:50:02 UTC] 0::session.inc:335:[before upgrade] Undefined array key "language"
[23-Dec-2025 03:50:02 UTC] 0::session.inc:335:[before upgrade] Attempt to read property "encoding" on null
[23-Dec-2025 03:50:02 UTC] 0::session.inc:334:[before upgrade] Undefined array key "language"
[23-Dec-2025 03:50:02 UTC] 0::session.inc:334:[before upgrade] Attempt to read property "encoding" on null
[23-Dec-2025 03:50:02 UTC] 0::session.inc:335:[before upgrade] Undefined array key "language"
[23-Dec-2025 03:50:02 UTC] 0::session.inc:335:[before upgrade] Attempt to read property "encoding" on null
[23-Dec-2025 03:50:02 UTC] 0::session.inc:334:[before upgrade] Undefined array key "language"
[23-Dec-2025 03:50:02 UTC] 0::session.inc:334:[before upgrade] Attempt to read property "encoding" on null
[23-Dec-2025 03:50:02 UTC] 0::session.inc:335:[before upgrade] Undefined array key "language"
[23-Dec-2025 03:50:02 UTC] 0::session.inc:335:[before upgrade] Attempt to read property "encoding" on null
[23-Dec-2025 03:50:02 UTC] 0::session.inc:334:[before upgrade] Undefined array key "language"
[23-Dec-2025 03:50:02 UTC] 0::session.inc:334:[before upgrade] Attempt to read property "encoding" on null
[23-Dec-2025 03:50:02 UTC] 0::session.inc:335:[before upgrade] Undefined array key "language"
[23-Dec-2025 03:50:02 UTC] 0::session.inc:335:[before upgrade] Attempt to read property "encoding" on null
[23-Dec-2025 03:50:02 UTC] 0::session.inc:334:[before upgrade] Undefined array key "language"
[23-Dec-2025 03:50:02 UTC] 0::session.inc:334:[before upgrade] Attempt to read property "encoding" on null
[23-Dec-2025 03:50:02 UTC] 0::session.inc:335:[before upgrade] Undefined array key "language"
[23-Dec-2025 03:50:02 UTC] 0::session.inc:335:[before upgrade] Attempt to read property "encoding" on null
[23-Dec-2025 03:50:02 UTC] 0::session.inc:334:[before upgrade] Undefined array key "language"
[23-Dec-2025 03:50:02 UTC] 0::session.inc:334:[before upgrade] Attempt to read property "encoding" on null
[23-Dec-2025 03:50:02 UTC] 0::session.inc:335:[before upgrade] Undefined array key "language"
[23-Dec-2025 03:50:02 UTC] 0::session.inc:335:[before upgrade] Attempt to read property "encoding" on null
[23-Dec-2025 03:50:02 UTC] 0::session.inc:334:[before upgrade] Undefined array key "language"
[23-Dec-2025 03:50:02 UTC] 0::session.inc:334:[before upgrade] Attempt to read property "encoding" on null
[23-Dec-2025 03:50:02 UTC] 0::session.inc:335:[before upgrade] Undefined array key "language"
[23-Dec-2025 03:50:02 UTC] 0::session.inc:335:[before upgrade] Attempt to read property "encoding" on null
[23-Dec-2025 03:50:02 UTC] 0::session.inc:334:[before upgrade] Undefined array key "language"
[23-Dec-2025 03:50:02 UTC] 0::session.inc:334:[before upgrade] Attempt to read property "encoding" on null
[23-Dec-2025 03:50:02 UTC] 0::session.inc:335:[before upgrade] Undefined array key "language"
[23-Dec-2025 03:50:02 UTC] 0::session.inc:335:[before upgrade] Attempt to read property "encoding" on null
[23-Dec-2025 03:50:02 UTC] 0::session.inc:334:[before upgrade] Undefined array key "language"
[23-Dec-2025 03:50:02 UTC] 0::session.inc:334:[before upgrade] Attempt to read property "encoding" on null
[23-Dec-2025 03:50:02 UTC] 0::session.inc:335:[before upgrade] Undefined array key "language"
[23-Dec-2025 03:50:02 UTC] 0::session.inc:335:[before upgrade] Attempt to read property "encoding" on null
[23-Dec-2025 03:50:02 UTC] 0::session.inc:334:[before upgrade] Undefined array key "language"
[23-Dec-2025 03:50:02 UTC] 0::session.inc:334:[before upgrade] Attempt to read property "encoding" on null
[23-Dec-2025 03:50:02 UTC] 0::session.inc:335:[before upgrade] Undefined array key "language"
[23-Dec-2025 03:50:02 UTC] 0::session.inc:335:[before upgrade] Attempt to read property "encoding" on null
[23-Dec-2025 03:50:02 UTC] 0::session.inc:334:[before upgrade] Undefined array key "language"
[23-Dec-2025 03:50:02 UTC] 0::session.inc:334:[before upgrade] Attempt to read property "encoding" on null
[23-Dec-2025 03:50:02 UTC] 0::session.inc:335:[before upgrade] Undefined array key "language"
[23-Dec-2025 03:50:02 UTC] 0::session.inc:335:[before upgrade] Attempt to read property "encoding" on null
[23-Dec-2025 03:50:02 UTC] 0::session.inc:334:[before upgrade] Undefined array key "language"
[23-Dec-2025 03:50:02 UTC] 0::session.inc:334:[before upgrade] Attempt to read property "encoding" on null
[23-Dec-2025 03:50:02 UTC] 0::session.inc:335:[before upgrade] Undefined array key "language"
[23-Dec-2025 03:50:02 UTC] 0::session.inc:335:[before upgrade] Attempt to read property "encoding" on null
[23-Dec-2025 03:50:02 UTC] 0::session.inc:334:[before upgrade] Undefined array key "language"
[23-Dec-2025 03:50:02 UTC] 0::session.inc:334:[before upgrade] Attempt to read property "encoding" on null
[23-Dec-2025 03:50:02 UTC] 0::session.inc:335:[before upgrade] Undefined array key "language"
[23-Dec-2025 03:50:02 UTC] 0::session.inc:335:[before upgrade] Attempt to read property "encoding" on null
[23-Dec-2025 03:50:02 UTC] 0::session.inc:334:[before upgrade] Undefined array key "language"
[23-Dec-2025 03:50:02 UTC] 0::session.inc:334:[before upgrade] Attempt to read property "encoding" on null
[23-Dec-2025 03:50:02 UTC] 0::session.inc:335:[before upgrade] Undefined array key "language"
[23-Dec-2025 03:50:02 UTC] 0::session.inc:335:[before upgrade] Attempt to read property "encoding" on null
[23-Dec-2025 03:50:02 UTC] 0::session.inc:334:[before upgrade] Undefined array key "language"
[23-Dec-2025 03:50:02 UTC] 0::session.inc:334:[before upgrade] Attempt to read property "encoding" on null
[23-Dec-2025 03:50:02 UTC] 0::session.inc:335:[before upgrade] Undefined array key "language"
[23-Dec-2025 03:50:02 UTC] 0::session.inc:335:[before upgrade] Attempt to read property "encoding" on null
[23-Dec-2025 03:50:02 UTC] 0::session.inc:334:[before upgrade] Undefined array key "language"
[23-Dec-2025 03:50:02 UTC] 0::session.inc:334:[before upgrade] Attempt to read property "encoding" on null
[23-Dec-2025 03:50:02 UTC] 0::session.inc:335:[before upgrade] Undefined array key "language"
[23-Dec-2025 03:50:02 UTC] 0::session.inc:335:[before upgrade] Attempt to read property "encoding" on null
[23-Dec-2025 03:50:02 UTC] 0::hooks.inc:228:[before upgrade] Undefined array key "language"
[23-Dec-2025 03:50:02 UTC] 0::hooks.inc:228:[before upgrade] Attempt to read property "code" on null
[23-Dec-2025 03:50:02 UTC] 0::main.inc:403:[before upgrade] str_replace(): Passing null to parameter #3 ($subject) of type array|string is deprecated
[23-Dec-2025 03:50:02 UTC] 0::session.inc:334:[before upgrade] Undefined array key "language"
[23-Dec-2025 03:50:02 UTC] 0::session.inc:334:[before upgrade] Attempt to read property "encoding" on null
[23-Dec-2025 03:50:02 UTC] 0::session.inc:335:[before upgrade] Undefined array key "language"
[23-Dec-2025 03:50:02 UTC] 0::session.inc:335:[before upgrade] Attempt to read property "encoding" on null
[23-Dec-2025 04:18:25 UTC] 0:admin:renderer.php:260: Undefined variable $indicator
[23-Dec-2025 04:29:32 UTC] 0:admin:renderer.php:324: Undefined variable $indicator
[23-Dec-2025 04:31:07 UTC] 0:admin:renderer.php:324: Undefined variable $indicator
[23-Dec-2025 04:31:11 UTC] 0:admin:renderer.php:324: Undefined variable $indicator
[23-Dec-2025 04:31:12 UTC] 0:admin:renderer.php:324: Undefined variable $indicator
[23-Dec-2025 04:31:14 UTC] 0:admin:renderer.php:324: Undefined variable $indicator
[23-Dec-2025 04:31:22 UTC] 0:admin:renderer.php:324: Undefined variable $indicator
[23-Dec-2025 04:33:32 UTC] 0:admin:renderer.php:424: Undefined variable $indicator
[23-Dec-2025 04:33:34 UTC] 0:admin:renderer.php:424: Undefined variable $indicator
[23-Dec-2025 04:34:11 UTC] 0:admin:renderer.php:424: Undefined variable $indicator
[23-Dec-2025 04:34:15 UTC] 0:admin:renderer.php:424: Undefined variable $indicator
[23-Dec-2025 04:34:20 UTC] 0:admin:renderer.php:424: Undefined variable $indicator
[23-Dec-2025 04:34:21 UTC] 0:admin:renderer.php:424: Undefined variable $indicator
[23-Dec-2025 04:35:19 UTC] 0:admin:renderer.php:409: Undefined variable $indicator
[23-Dec-2025 04:35:31 UTC] 0:admin:renderer.php:409: Undefined variable $indicator
[23-Dec-2025 04:35:38 UTC] 0:admin:renderer.php:409: Undefined variable $indicator
[23-Dec-2025 04:35:48 UTC] 0:admin:renderer.php:409: Undefined variable $indicator
[23-Dec-2025 04:35:58 UTC] 0:admin:renderer.php:409: Undefined variable $indicator
[23-Dec-2025 04:38:12 UTC] 0:admin:renderer.php:409: Undefined variable $indicator
[23-Dec-2025 04:38:17 UTC] 0:admin:renderer.php:409: Undefined variable $indicator
[23-Dec-2025 04:38:17 UTC] 0:admin:renderer.php:409: Undefined variable $indicator
[23-Dec-2025 04:38:18 UTC] 0:admin:renderer.php:409: Undefined variable $indicator
[23-Dec-2025 04:38:18 UTC] 0:admin:renderer.php:409: Undefined variable $indicator
[23-Dec-2025 04:38:19 UTC] 0:admin:renderer.php:409: Undefined variable $indicator
[23-Dec-2025 04:39:13 UTC] 0:admin:renderer.php:409: Undefined variable $indicator
[23-Dec-2025 04:41:41 UTC] 0:admin:renderer.php:409: Undefined variable $indicator
[23-Dec-2025 04:44:22 UTC] 0:admin:renderer.php:409: Undefined variable $indicator
[23-Dec-2025 04:45:27 UTC] 0:admin:renderer.php:409: Undefined variable $indicator
[23-Dec-2025 04:47:42 UTC] 0:admin:renderer.php:422: Undefined variable $indicator
[23-Dec-2025 05:14:57 UTC] 0:admin:renderer.php:438: Undefined variable $indicator
[23-Dec-2025 05:20:15 UTC] 0:admin:renderer.php:484: Undefined variable $indicator
[23-Dec-2025 05:20:40 UTC] 0:admin:renderer.php:484: Undefined variable $indicator
[23-Dec-2025 05:23:19 UTC] 0:admin:renderer.php:473: Undefined variable $indicator
[23-Dec-2025 06:52:35 UTC] 0:admin:renderer.php:473: Undefined variable $indicator
[23-Dec-2025 06:52:38 UTC] 0:admin:renderer.php:473: Undefined variable $indicator
[23-Dec-2025 06:52:46 UTC] 0:admin:renderer.php:473: Undefined variable $indicator
[23-Dec-2025 06:52:48 UTC] 0:admin:renderer.php:473: Undefined variable $indicator
[23-Dec-2025 06:52:49 UTC] 0:admin:renderer.php:473: Undefined variable $indicator
[23-Dec-2025 06:52:51 UTC] 0:admin:renderer.php:473: Undefined variable $indicator
[23-Dec-2025 06:52:53 UTC] 0:admin:renderer.php:473: Undefined variable $indicator
[23-Dec-2025 06:52:54 UTC] 0:admin:renderer.php:473: Undefined variable $indicator
[23-Dec-2025 06:52:55 UTC] 0:admin:renderer.php:473: Undefined variable $indicator
[23-Dec-2025 06:52:57 UTC] 0:admin:renderer.php:473: Undefined variable $indicator
[23-Dec-2025 06:52:58 UTC] 0:admin:renderer.php:473: Undefined variable $indicator
[23-Dec-2025 06:53:00 UTC] 0:admin:renderer.php:473: Undefined variable $indicator
[23-Dec-2025 06:53:05 UTC] 0:admin:renderer.php:473: Undefined variable $indicator
[23-Dec-2025 06:53:09 UTC] 0:admin:renderer.php:473: Undefined variable $indicator
[23-Dec-2025 06:53:14 UTC] 0:admin:renderer.php:473: Undefined variable $indicator
[23-Dec-2025 06:53:52 UTC] 0:admin:renderer.php:473: Undefined variable $indicator
[23-Dec-2025 06:54:01 UTC] 0:admin:renderer.php:473: Undefined variable $indicator
[23-Dec-2025 06:54:07 UTC] 0:admin:renderer.php:473: Undefined variable $indicator
[23-Dec-2025 06:54:09 UTC] 0:admin:renderer.php:473: Undefined variable $indicator
[23-Dec-2025 06:54:11 UTC] 0:admin:renderer.php:473: Undefined variable $indicator
[23-Dec-2025 06:54:12 UTC] 0:admin:renderer.php:473: Undefined variable $indicator
[23-Dec-2025 06:56:59 UTC] 0:admin:renderer.php:473: Undefined variable $indicator
[23-Dec-2025 06:57:05 UTC] 0:admin:renderer.php:473: Undefined variable $indicator
[23-Dec-2025 06:57:12 UTC] 0:admin:renderer.php:473: Undefined variable $indicator
[23-Dec-2025 07:03:14 UTC] 0:admin:renderer.php:473: Undefined variable $indicator
[23-Dec-2025 07:03:18 UTC] 0:admin:renderer.php:473: Undefined variable $indicator
[23-Dec-2025 07:04:18 UTC] 0:admin:renderer.php:473: Undefined variable $indicator
[23-Dec-2025 07:04:27 UTC] 0:admin:renderer.php:473: Undefined variable $indicator
[23-Dec-2025 07:04:35 UTC] 0:admin:renderer.php:473: Undefined variable $indicator
[23-Dec-2025 07:04:56 UTC] 0:admin:renderer.php:473: Undefined variable $indicator
[23-Dec-2025 07:05:04 UTC] 0:admin:renderer.php:473: Undefined variable $indicator
[23-Dec-2025 07:05:06 UTC] 0:admin:renderer.php:473: Undefined variable $indicator
[23-Dec-2025 07:05:24 UTC] 0:admin:renderer.php:473: Undefined variable $indicator
[23-Dec-2025 07:07:57 UTC] 0:admin:renderer.php:473: Undefined variable $indicator
[23-Dec-2025 07:08:00 UTC] 0:admin:renderer.php:473: Undefined variable $indicator
[23-Dec-2025 07:08:03 UTC] 0:admin:renderer.php:473: Undefined variable $indicator
[23-Dec-2025 07:08:11 UTC] 0:admin:renderer.php:473: Undefined variable $indicator
[23-Dec-2025 07:08:59 UTC] 0:admin:renderer.php:473: Undefined variable $indicator
[23-Dec-2025 07:12:33 UTC] 0:admin:renderer.php:512: Undefined variable $indicator
[23-Dec-2025 07:12:36 UTC] 0:admin:renderer.php:512: Undefined variable $indicator
[23-Dec-2025 07:12:47 UTC] 0:admin:renderer.php:512: Undefined variable $indicator
[23-Dec-2025 07:12:49 UTC] 0:admin:renderer.php:512: Undefined variable $indicator
[23-Dec-2025 07:13:02 UTC] 0:admin:renderer.php:512: Undefined variable $indicator
[23-Dec-2025 07:13:04 UTC] 0:admin:renderer.php:512: Undefined variable $indicator
[23-Dec-2025 07:13:13 UTC] 0:admin:renderer.php:512: Undefined variable $indicator
[23-Dec-2025 07:13:51 UTC] 0:admin:renderer.php:512: Undefined variable $indicator
[23-Dec-2025 07:13:54 UTC] 0:admin:renderer.php:512: Undefined variable $indicator
[23-Dec-2025 07:18:30 UTC] 0:admin:renderer.php:547: Undefined variable $indicator
[23-Dec-2025 07:18:32 UTC] 0:admin:renderer.php:547: Undefined variable $indicator
[23-Dec-2025 07:20:13 UTC] 0:admin:renderer.php:547: Undefined variable $indicator
[23-Dec-2025 07:20:15 UTC] 0:admin:renderer.php:547: Undefined variable $indicator
[23-Dec-2025 07:20:16 UTC] 0:admin:renderer.php:547: Undefined variable $indicator
[23-Dec-2025 07:20:17 UTC] 0:admin:renderer.php:547: Undefined variable $indicator
[23-Dec-2025 07:20:19 UTC] 0:admin:renderer.php:547: Undefined variable $indicator
[23-Dec-2025 07:20:27 UTC] 0:admin:renderer.php:547: Undefined variable $indicator
[23-Dec-2025 07:20:29 UTC] 0:admin:renderer.php:547: Undefined variable $indicator
[23-Dec-2025 07:20:31 UTC] 0:admin:renderer.php:547: Undefined variable $indicator
[23-Dec-2025 07:21:02 UTC] 0:admin:renderer.php:547: Undefined variable $indicator
[23-Dec-2025 07:21:04 UTC] 0:admin:renderer.php:547: Undefined variable $indicator
[23-Dec-2025 07:21:06 UTC] 0:admin:renderer.php:547: Undefined variable $indicator
[23-Dec-2025 07:21:07 UTC] 0:admin:renderer.php:547: Undefined variable $indicator
[23-Dec-2025 07:21:07 UTC] 0:admin:renderer.php:547: Undefined variable $indicator
[23-Dec-2025 07:21:09 UTC] 0:admin:renderer.php:547: Undefined variable $indicator
[23-Dec-2025 07:21:10 UTC] 0:admin:renderer.php:547: Undefined variable $indicator
[23-Dec-2025 07:21:11 UTC] 0:admin:renderer.php:547: Undefined variable $indicator
[23-Dec-2025 07:21:12 UTC] 0:admin:renderer.php:547: Undefined variable $indicator
[23-Dec-2025 07:21:18 UTC] 0:admin:renderer.php:547: Undefined variable $indicator
[23-Dec-2025 07:21:19 UTC] 0:admin:renderer.php:547: Undefined variable $indicator
[23-Dec-2025 07:21:20 UTC] 0:admin:renderer.php:547: Undefined variable $indicator
[23-Dec-2025 07:21:21 UTC] 0:admin:renderer.php:547: Undefined variable $indicator
[23-Dec-2025 07:21:23 UTC] 0:admin:renderer.php:547: Undefined variable $indicator
[23-Dec-2025 07:21:24 UTC] 0:admin:renderer.php:547: Undefined variable $indicator
[23-Dec-2025 07:21:26 UTC] 0:admin:renderer.php:547: Undefined variable $indicator
[23-Dec-2025 07:21:30 UTC] 0:admin:renderer.php:547: Undefined variable $indicator
[23-Dec-2025 07:26:10 UTC] 0:admin:renderer.php:547: Undefined variable $indicator
[23-Dec-2025 07:26:27 UTC] 0:admin:renderer.php:547: Undefined variable $indicator
[23-Dec-2025 07:26:31 UTC] 0:admin:renderer.php:547: Undefined variable $indicator
[23-Dec-2025 07:26:53 UTC] 0:admin:renderer.php:555: Undefined variable $indicator
[23-Dec-2025 07:27:22 UTC] 0:admin:renderer.php:547: Undefined variable $indicator
[23-Dec-2025 07:27:25 UTC] 0:admin:renderer.php:547: Undefined variable $indicator
[23-Dec-2025 07:27:26 UTC] 0:admin:renderer.php:547: Undefined variable $indicator
[23-Dec-2025 07:27:31 UTC] 0:admin:renderer.php:547: Undefined variable $indicator
[23-Dec-2025 07:27:32 UTC] 0:admin:renderer.php:547: Undefined variable $indicator
[23-Dec-2025 07:27:33 UTC] 0:admin:renderer.php:547: Undefined variable $indicator
[23-Dec-2025 07:28:21 UTC] 0:admin:renderer.php:547: Undefined variable $indicator
[23-Dec-2025 07:29:23 UTC] 0:admin:renderer.php:547: Undefined variable $indicator
[23-Dec-2025 07:29:25 UTC] 0:admin:renderer.php:547: Undefined variable $indicator
[23-Dec-2025 07:29:29 UTC] 0:admin:renderer.php:547: Undefined variable $indicator
[23-Dec-2025 07:29:31 UTC] 0:admin:renderer.php:547: Undefined variable $indicator
[23-Dec-2025 07:29:33 UTC] 0:admin:renderer.php:547: Undefined variable $indicator
[23-Dec-2025 07:29:35 UTC] 0:admin:renderer.php:547: Undefined variable $indicator
[23-Dec-2025 07:29:39 UTC] 0:admin:renderer.php:547: Undefined variable $indicator
[23-Dec-2025 07:30:12 UTC] 0:admin:renderer.php:547: Undefined variable $indicator
[23-Dec-2025 07:30:18 UTC] 0:admin:renderer.php:547: Undefined variable $indicator
[23-Dec-2025 07:30:27 UTC] 0:admin:renderer.php:547: Undefined variable $indicator
[23-Dec-2025 07:30:30 UTC] 0:admin:renderer.php:547: Undefined variable $indicator
[23-Dec-2025 07:30:31 UTC] 0:admin:renderer.php:547: Undefined variable $indicator
[23-Dec-2025 07:30:37 UTC] 0:admin:renderer.php:547: Undefined variable $indicator
[23-Dec-2025 07:30:40 UTC] 0:admin:renderer.php:547: Undefined variable $indicator
[23-Dec-2025 07:30:58 UTC] 0:admin:renderer.php:547: Undefined variable $indicator
[23-Dec-2025 07:31:27 UTC] 0:admin:renderer.php:547: Undefined variable $indicator
[23-Dec-2025 07:31:29 UTC] 0:admin:renderer.php:547: Undefined variable $indicator
[23-Dec-2025 07:31:31 UTC] 0:admin:renderer.php:547: Undefined variable $indicator
[23-Dec-2025 07:31:32 UTC] 0:admin:renderer.php:547: Undefined variable $indicator
[23-Dec-2025 07:31:32 UTC] 0:admin:renderer.php:547: Undefined variable $indicator
[23-Dec-2025 07:31:33 UTC] 0:admin:renderer.php:547: Undefined variable $indicator
[23-Dec-2025 07:31:35 UTC] 0:admin:renderer.php:547: Undefined variable $indicator
[23-Dec-2025 07:31:36 UTC] 0:admin:renderer.php:547: Undefined variable $indicator
[23-Dec-2025 07:31:36 UTC] 0:admin:renderer.php:547: Undefined variable $indicator
[23-Dec-2025 07:31:44 UTC] 0:admin:renderer.php:547: Undefined variable $indicator
[23-Dec-2025 07:31:47 UTC] 0:admin:renderer.php:547: Undefined variable $indicator
[23-Dec-2025 07:31:50 UTC] 0:admin:renderer.php:547: Undefined variable $indicator
[23-Dec-2025 07:35:42 UTC] 0:admin:renderer.php:547: Undefined variable $indicator
[23-Dec-2025 07:36:00 UTC] 0:admin:renderer.php:547: Undefined variable $indicator
[23-Dec-2025 07:36:20 UTC] 0:admin:renderer.php:547: Undefined variable $indicator
[23-Dec-2025 07:38:57 UTC] 0:admin:renderer.php:547: Undefined variable $indicator
[23-Dec-2025 07:39:12 UTC] 0:admin:renderer.php:547: Undefined variable $indicator
[23-Dec-2025 07:39:14 UTC] 0:admin:renderer.php:547: Undefined variable $indicator
[23-Dec-2025 07:39:22 UTC] 0:admin:renderer.php:547: Undefined variable $indicator
[23-Dec-2025 07:39:24 UTC] 0:admin:renderer.php:547: Undefined variable $indicator
[23-Dec-2025 07:39:25 UTC] 0:admin:renderer.php:547: Undefined variable $indicator
[23-Dec-2025 07:39:29 UTC] 0:admin:renderer.php:547: Undefined variable $indicator
[23-Dec-2025 07:39:30 UTC] 0:admin:renderer.php:547: Undefined variable $indicator
[23-Dec-2025 07:39:33 UTC] 0:admin:renderer.php:547: Undefined variable $indicator
[23-Dec-2025 07:39:39 UTC] 0:admin:renderer.php:547: Undefined variable $indicator
[23-Dec-2025 07:39:52 UTC] 0:admin:renderer.php:547: Undefined variable $indicator
[23-Dec-2025 07:40:11 UTC] 0:admin:renderer.php:547: Undefined variable $indicator
[23-Dec-2025 07:40:26 UTC] 0:admin:renderer.php:547: Undefined variable $indicator
[23-Dec-2025 07:43:03 UTC] 0:admin:renderer.php:547: Undefined variable $indicator
[23-Dec-2025 08:50:26 UTC] 0:admin:renderer.php:547: Undefined variable $indicator
[23-Dec-2025 08:52:07 UTC] 0:admin:renderer.php:555: Undefined variable $indicator
[23-Dec-2025 08:54:31 UTC] 0:admin:renderer.php:555: Undefined variable $indicator
[23-Dec-2025 08:55:10 UTC] 0:admin:renderer.php:547: Undefined variable $indicator
[23-Dec-2025 08:58:17 UTC] 0:admin:renderer.php:555: Undefined variable $indicator
[23-Dec-2025 08:58:31 UTC] 0:admin:renderer.php:547: Undefined variable $indicator
[23-Dec-2025 08:58:59 UTC] 0:admin:renderer.php:547: Undefined variable $indicator
[23-Dec-2025 08:59:04 UTC] 0:admin:renderer.php:547: Undefined variable $indicator
[23-Dec-2025 09:01:47 UTC] 0:admin:renderer.php:555: Undefined variable $indicator
[23-Dec-2025 09:01:48 UTC] 0:admin:renderer.php:555: Undefined variable $indicator
[23-Dec-2025 09:01:48 UTC] 0:admin:renderer.php:555: Undefined variable $indicator
[23-Dec-2025 09:02:51 UTC] 0:admin:renderer.php:547: Undefined variable $indicator
[23-Dec-2025 09:03:01 UTC] 0:admin:renderer.php:547: Undefined variable $indicator
[23-Dec-2025 09:04:31 UTC] 0:admin:renderer.php:547: Undefined variable $indicator
[23-Dec-2025 09:05:32 UTC] 0:admin:renderer.php:547: Undefined variable $indicator
[23-Dec-2025 09:08:24 UTC] 0:admin:renderer.php:547: Undefined variable $indicator
[23-Dec-2025 10:40:41 UTC] 0:admin:renderer.php:547: Undefined variable $indicator
[23-Dec-2025 10:40:45 UTC] 0:admin:renderer.php:547: Undefined variable $indicator
[23-Dec-2025 10:40:49 UTC] 0:admin:renderer.php:547: Undefined variable $indicator
[23-Dec-2025 10:41:01 UTC] 0:admin:renderer.php:547: Undefined variable $indicator
[23-Dec-2025 10:41:44 UTC] 0:admin:renderer.php:547: Undefined variable $indicator
[23-Dec-2025 10:42:41 UTC] 0:admin:renderer.php:547: Undefined variable $indicator
[23-Dec-2025 10:45:30 UTC] 0:admin:renderer.php:547: Undefined variable $indicator
[23-Dec-2025 10:45:46 UTC] 0:admin:renderer.php:547: Undefined variable $indicator
[23-Dec-2025 10:45:59 UTC] 0:admin:renderer.php:555: Undefined variable $indicator
[23-Dec-2025 10:46:45 UTC] 0:admin:renderer.php:547: Undefined variable $indicator
[23-Dec-2025 10:48:39 UTC] 0:admin:renderer.php:547: Undefined variable $indicator
[23-Dec-2025 10:48:42 UTC] 0:admin:renderer.php:547: Undefined variable $indicator
[23-Dec-2025 10:51:20 UTC] 0:admin:renderer.php:547: Undefined variable $indicator
[23-Dec-2025 10:51:22 UTC] 0:admin:renderer.php:547: Undefined variable $indicator
[23-Dec-2025 10:51:28 UTC] 0:admin:renderer.php:547: Undefined variable $indicator
[23-Dec-2025 10:51:30 UTC] 0:admin:renderer.php:547: Undefined variable $indicator
[23-Dec-2025 10:51:55 UTC] 0:admin:renderer.php:547: Undefined variable $indicator
[23-Dec-2025 12:39:03 UTC] 0:admin:renderer.php:547: Undefined variable $indicator
[23-Dec-2025 12:42:16 UTC] 0:admin:renderer.php:547: Undefined variable $indicator
[23-Dec-2025 12:43:51 UTC] 0:admin:renderer.php:555: Undefined variable $indicator
[23-Dec-2025 12:45:11 UTC] 0:admin:renderer.php:547: Undefined variable $indicator
[23-Dec-2025 12:45:34 UTC] 0:admin:renderer.php:547: Undefined variable $indicator
[23-Dec-2025 12:45:36 UTC] 0:admin:renderer.php:547: Undefined variable $indicator
[23-Dec-2025 12:45:58 UTC] 0:admin:renderer.php:547: Undefined variable $indicator
[23-Dec-2025 12:52:42 UTC] 0:admin:renderer.php:547: Undefined variable $indicator
[23-Dec-2025 12:56:15 UTC] 0:admin:renderer.php:547: Undefined variable $indicator
[23-Dec-2025 12:56:39 UTC] 0:admin:renderer.php:547: Undefined variable $indicator
[23-Dec-2025 12:58:08 UTC] 0:admin:renderer.php:547: Undefined variable $indicator
[23-Dec-2025 12:58:32 UTC] 0:admin:renderer.php:547: Undefined variable $indicator
[23-Dec-2025 12:59:07 UTC] 0:admin:renderer.php:547: Undefined variable $indicator
[23-Dec-2025 12:59:25 UTC] 0:admin:renderer.php:547: Undefined variable $indicator
[23-Dec-2025 12:59:27 UTC] 0:admin:renderer.php:547: Undefined variable $indicator
[23-Dec-2025 12:59:30 UTC] 0:admin:renderer.php:547: Undefined variable $indicator
[23-Dec-2025 13:03:42 UTC] 0:admin:renderer.php:547: Undefined variable $indicator
[23-Dec-2025 13:03:44 UTC] 0:admin:renderer.php:547: Undefined variable $indicator
[23-Dec-2025 13:04:42 UTC] 0:admin:renderer.php:547: Undefined variable $indicator
[23-Dec-2025 13:04:50 UTC] 0:admin:renderer.php:555: Undefined variable $indicator
[23-Dec-2025 13:04:54 UTC] 0:admin:renderer.php:555: Undefined variable $indicator
[23-Dec-2025 13:05:15 UTC] 0:admin:renderer.php:547: Undefined variable $indicator
[23-Dec-2025 13:08:22 UTC] 0:admin:renderer.php:547: Undefined variable $indicator
[23-Dec-2025 13:08:59 UTC] 0:admin:renderer.php:547: Undefined variable $indicator
[23-Dec-2025 13:10:43 UTC] 0:admin:renderer.php:547: Undefined variable $indicator
[23-Dec-2025 13:11:52 UTC] 0:admin:renderer.php:547: Undefined variable $indicator
[23-Dec-2025 13:11:58 UTC] 0:admin:renderer.php:547: Undefined variable $indicator
[23-Dec-2025 13:11:59 UTC] 0:admin:renderer.php:547: Undefined variable $indicator
[23-Dec-2025 13:12:58 UTC] 0:admin:renderer.php:547: Undefined variable $indicator
[23-Dec-2025 13:13:01 UTC] 0:admin:renderer.php:547: Undefined variable $indicator
[23-Dec-2025 13:14:53 UTC] 0:admin:renderer.php:547: Undefined variable $indicator
[23-Dec-2025 13:15:05 UTC] 0:admin:renderer.php:547: Undefined variable $indicator
[23-Dec-2025 14:03:43 UTC] 0:admin:renderer.php:548: Undefined variable $indicator
[23-Dec-2025 14:08:55 UTC] 0:admin:renderer.php:548: Undefined variable $indicator
[23-Dec-2025 14:08:59 UTC] 0:admin:renderer.php:548: Undefined variable $indicator
[23-Dec-2025 14:09:04 UTC] 0:admin:renderer.php:556: Undefined variable $indicator
[23-Dec-2025 14:09:09 UTC] 0:admin:renderer.php:548: Undefined variable $indicator
[23-Dec-2025 14:09:12 UTC] 0:admin:renderer.php:548: Undefined variable $indicator
[23-Dec-2025 14:09:14 UTC] 0:admin:renderer.php:548: Undefined variable $indicator
[23-Dec-2025 14:09:18 UTC] 0:admin:renderer.php:548: Undefined variable $indicator
[23-Dec-2025 14:09:31 UTC] 0:admin:renderer.php:548: Undefined variable $indicator
[23-Dec-2025 14:09:31 UTC] 0:admin:renderer.php:548: Undefined variable $indicator
[23-Dec-2025 14:09:32 UTC] 0:admin:renderer.php:548: Undefined variable $indicator
[23-Dec-2025 14:09:33 UTC] 0:admin:renderer.php:548: Undefined variable $indicator
[23-Dec-2025 14:09:35 UTC] 0:admin:renderer.php:548: Undefined variable $indicator
[23-Dec-2025 14:09:37 UTC] 0:admin:renderer.php:548: Undefined variable $indicator
[23-Dec-2025 14:09:40 UTC] 0:admin:renderer.php:548: Undefined variable $indicator
[23-Dec-2025 14:09:42 UTC] 0:admin:renderer.php:548: Undefined variable $indicator
[23-Dec-2025 14:28:10 UTC] 0:admin:renderer.php:548: Undefined variable $indicator
[23-Dec-2025 14:28:19 UTC] 0:admin:renderer.php:548: Undefined variable $indicator
[23-Dec-2025 14:28:27 UTC] 0:admin:renderer.php:548: Undefined variable $indicator
[23-Dec-2025 14:28:30 UTC] 0:admin:renderer.php:548: Undefined variable $indicator
[23-Dec-2025 14:28:37 UTC] 0:admin:renderer.php:548: Undefined variable $indicator
[23-Dec-2025 14:28:47 UTC] 0:admin:renderer.php:556: Undefined variable $indicator
[23-Dec-2025 14:28:54 UTC] 0:admin:renderer.php:556: Undefined variable $indicator
[23-Dec-2025 14:29:44 UTC] 0:admin:renderer.php:548: Undefined variable $indicator
[23-Dec-2025 14:30:00 UTC] 0:admin:renderer.php:556: Undefined variable $indicator
[23-Dec-2025 14:30:33 UTC] 0:admin:renderer.php:548: Undefined variable $indicator
[23-Dec-2025 14:30:38 UTC] 0:admin:renderer.php:548: Undefined variable $indicator
[23-Dec-2025 18:10:28 UTC] 0:admin:renderer.php:548: Undefined variable $indicator
[23-Dec-2025 18:10:38 UTC] 0:admin:renderer.php:548: Undefined variable $indicator
[23-Dec-2025 18:12:07 UTC] 0:admin:renderer.php:548: Undefined variable $indicator
[23-Dec-2025 18:12:18 UTC] 0:admin:renderer.php:556:[before upgrade] Undefined variable $indicator
[23-Dec-2025 18:12:50 UTC] 0:admin:renderer.php:548: Undefined variable $indicator
[23-Dec-2025 18:12:56 UTC] 0:admin:renderer.php:548: Undefined variable $indicator
[23-Dec-2025 18:13:16 UTC] 0:admin:renderer.php:548: Undefined variable $indicator
[23-Dec-2025 18:13:19 UTC] 0:admin:renderer.php:548: Undefined variable $indicator
[23-Dec-2025 18:13:24 UTC] 0:admin:renderer.php:548: Undefined variable $indicator
[23-Dec-2025 18:13:27 UTC] 0:admin:renderer.php:548: Undefined variable $indicator
[23-Dec-2025 18:13:34 UTC] 0:admin:renderer.php:548: Undefined variable $indicator
[23-Dec-2025 18:13:34 UTC] 0:admin:renderer.php:548: Undefined variable $indicator
[23-Dec-2025 18:13:40 UTC] 0:admin:renderer.php:548: Undefined variable $indicator
[23-Dec-2025 18:14:00 UTC] 0:admin:renderer.php:556:[before upgrade] Undefined variable $indicator
[23-Dec-2025 18:20:02 UTC] 0:admin:renderer.php:548: Undefined variable $indicator
[23-Dec-2025 18:20:11 UTC] 0:admin:renderer.php:556:[before upgrade] Undefined variable $indicator
[23-Dec-2025 18:23:48 UTC] 0:admin:renderer.php:548: Undefined variable $indicator
[23-Dec-2025 18:24:14 UTC] 0:admin:renderer.php:556:[before upgrade] Undefined variable $indicator
[23-Dec-2025 18:24:42 UTC] 0:admin:renderer.php:548: Undefined variable $indicator
[23-Dec-2025 18:26:25 UTC] 0:admin:renderer.php:548: Undefined variable $indicator
[23-Dec-2025 18:27:02 UTC] 0:admin:renderer.php:548: Undefined variable $indicator
[23-Dec-2025 18:27:09 UTC] 0:admin:renderer.php:548: Undefined variable $indicator
[23-Dec-2025 18:27:16 UTC] 0:admin:renderer.php:548: Undefined variable $indicator
[23-Dec-2025 18:27:23 UTC] 0:admin:renderer.php:548: Undefined variable $indicator
[23-Dec-2025 18:27:27 UTC] 0:admin:renderer.php:548: Undefined variable $indicator
[23-Dec-2025 18:27:35 UTC] 0:admin:renderer.php:548: Undefined variable $indicator
[23-Dec-2025 18:27:40 UTC] 0:admin:renderer.php:548: Undefined variable $indicator
[23-Dec-2025 18:27:44 UTC] 0:admin:renderer.php:556:[before upgrade] Undefined variable $indicator
[24-Dec-2025 09:22:16 UTC] 0:admin:renderer.php:548: Undefined variable $indicator
[24-Dec-2025 09:22:20 UTC] 0:admin:renderer.php:548: Undefined variable $indicator
[24-Dec-2025 09:22:22 UTC] 0:admin:renderer.php:548: Undefined variable $indicator
[24-Dec-2025 09:22:23 UTC] 0:admin:renderer.php:548: Undefined variable $indicator
[24-Dec-2025 10:48:49 UTC] 0:admin:renderer.php:548: Undefined variable $indicator
[24-Dec-2025 10:48:54 UTC] 0:admin:renderer.php:548: Undefined variable $indicator
[24-Dec-2025 10:48:57 UTC] 0:admin:renderer.php:548: Undefined variable $indicator
[24-Dec-2025 11:10:47 UTC] 0:admin:renderer.php:558: Undefined variable $indicator
[24-Dec-2025 11:11:23 UTC] 0:admin:renderer.php:558: Undefined variable $indicator
[24-Dec-2025 11:11:54 UTC] 0:admin:renderer.php:558: Undefined variable $indicator
[24-Dec-2025 11:28:56 UTC] 0:admin:renderer.php:558: Undefined variable $indicator
[24-Dec-2025 11:28:59 UTC] 0:admin:renderer.php:558: Undefined variable $indicator
[24-Dec-2025 11:29:17 UTC] 0:admin:header.inc:33: Undefined array key "sales"
[24-Dec-2025 11:29:17 UTC] 0:admin:header.inc:33: Attempt to read property "help_context" on null
[24-Dec-2025 11:29:17 UTC] 0:admin:ui_controls.inc:182: preg_match(): Passing null to parameter #2 ($subject) of type string is deprecated
[24-Dec-2025 11:29:17 UTC] 0:admin:ui_controls.inc:189: str_replace(): Passing null to parameter #3 ($subject) of type array|string is deprecated
[24-Dec-2025 11:29:17 UTC] 0:admin:renderer.php:558: Undefined variable $indicator
[24-Dec-2025 11:29:21 UTC] 0:admin:header.inc:33: Undefined array key "purchases"
[24-Dec-2025 11:29:21 UTC] 0:admin:header.inc:33: Attempt to read property "help_context" on null
[24-Dec-2025 11:29:21 UTC] 0:admin:ui_controls.inc:182: preg_match(): Passing null to parameter #2 ($subject) of type string is deprecated
[24-Dec-2025 11:29:21 UTC] 0:admin:ui_controls.inc:189: str_replace(): Passing null to parameter #3 ($subject) of type array|string is deprecated
[24-Dec-2025 11:29:21 UTC] 0:admin:renderer.php:558: Undefined variable $indicator
[24-Dec-2025 11:33:41 UTC] 0:admin:renderer.php:560: Undefined variable $indicator
[24-Dec-2025 11:33:44 UTC] 0:admin:renderer.php:560: Undefined variable $indicator
[24-Dec-2025 11:33:50 UTC] 0:admin:renderer.php:560: Undefined variable $indicator
[24-Dec-2025 11:33:51 UTC] 0:admin:renderer.php:560: Undefined variable $indicator
[24-Dec-2025 11:33:52 UTC] 0:admin:renderer.php:560: Undefined variable $indicator
[24-Dec-2025 11:33:57 UTC] 0:admin:renderer.php:560: Undefined variable $indicator
[24-Dec-2025 11:33:58 UTC] 0:admin:renderer.php:560: Undefined variable $indicator
[24-Dec-2025 11:34:02 UTC] 0:admin:renderer.php:560: Undefined variable $indicator
[24-Dec-2025 11:34:06 UTC] 0:admin:header.inc:33: Undefined array key "sales"
[24-Dec-2025 11:34:06 UTC] 0:admin:header.inc:33: Attempt to read property "help_context" on null
[24-Dec-2025 11:34:06 UTC] 0:admin:ui_controls.inc:182: preg_match(): Passing null to parameter #2 ($subject) of type string is deprecated
[24-Dec-2025 11:34:06 UTC] 0:admin:ui_controls.inc:189: str_replace(): Passing null to parameter #3 ($subject) of type array|string is deprecated
[24-Dec-2025 11:34:06 UTC] 0:admin:renderer.php:560: Undefined variable $indicator
[24-Dec-2025 12:00:24 UTC] 0:admin:renderer.php:560: Undefined variable $indicator
[24-Dec-2025 12:00:32 UTC] 0:admin:renderer.php:560: Undefined variable $indicator
[24-Dec-2025 12:00:35 UTC] 0:admin:header.inc:33: Undefined array key "sales"
[24-Dec-2025 12:00:35 UTC] 0:admin:header.inc:33: Attempt to read property "help_context" on null
[24-Dec-2025 12:00:35 UTC] 0:admin:ui_controls.inc:182: preg_match(): Passing null to parameter #2 ($subject) of type string is deprecated
[24-Dec-2025 12:00:35 UTC] 0:admin:ui_controls.inc:189: str_replace(): Passing null to parameter #3 ($subject) of type array|string is deprecated
[24-Dec-2025 12:00:35 UTC] 0:admin:renderer.php:560: Undefined variable $indicator
[24-Dec-2025 12:00:37 UTC] 0:admin:renderer.php:560: Undefined variable $indicator
[24-Dec-2025 12:00:43 UTC] 0:admin:header.inc:33: Undefined array key "ap"
[24-Dec-2025 12:00:43 UTC] 0:admin:header.inc:33: Attempt to read property "help_context" on null
[24-Dec-2025 12:00:43 UTC] 0:admin:ui_controls.inc:182: preg_match(): Passing null to parameter #2 ($subject) of type string is deprecated
[24-Dec-2025 12:00:43 UTC] 0:admin:ui_controls.inc:189: str_replace(): Passing null to parameter #3 ($subject) of type array|string is deprecated
[24-Dec-2025 12:00:43 UTC] 0:admin:renderer.php:560: Undefined variable $indicator
[24-Dec-2025 12:00:57 UTC] 0:admin:header.inc:33: Undefined array key "purchases"
[24-Dec-2025 12:00:57 UTC] 0:admin:header.inc:33: Attempt to read property "help_context" on null
[24-Dec-2025 12:00:57 UTC] 0:admin:ui_controls.inc:182: preg_match(): Passing null to parameter #2 ($subject) of type string is deprecated
[24-Dec-2025 12:00:57 UTC] 0:admin:ui_controls.inc:189: str_replace(): Passing null to parameter #3 ($subject) of type array|string is deprecated
[24-Dec-2025 12:00:57 UTC] 0:admin:renderer.php:560: Undefined variable $indicator
[24-Dec-2025 12:04:34 UTC] 0:admin:header.inc:33: Undefined array key "purchases"
[24-Dec-2025 12:04:34 UTC] 0:admin:header.inc:33: Attempt to read property "help_context" on null
[24-Dec-2025 12:04:34 UTC] 0:admin:ui_controls.inc:182: preg_match(): Passing null to parameter #2 ($subject) of type string is deprecated
[24-Dec-2025 12:04:34 UTC] 0:admin:ui_controls.inc:189: str_replace(): Passing null to parameter #3 ($subject) of type array|string is deprecated
[24-Dec-2025 12:04:34 UTC] 0:admin:renderer.php:572: Undefined variable $indicator
[24-Dec-2025 12:04:38 UTC] 0:admin:renderer.php:572: Undefined variable $indicator
[24-Dec-2025 12:04:50 UTC] 0:admin:renderer.php:572: Undefined variable $indicator
[24-Dec-2025 12:04:51 UTC] 0:admin:renderer.php:572: Undefined variable $indicator
[24-Dec-2025 12:05:37 UTC] 0:admin:renderer.php:572: Undefined variable $indicator
[24-Dec-2025 12:05:39 UTC] 0:admin:renderer.php:572: Undefined variable $indicator
[24-Dec-2025 12:05:46 UTC] 0:admin:renderer.php:572: Undefined variable $indicator
[24-Dec-2025 12:07:40 UTC] 0:admin:renderer.php:572: Undefined variable $indicator
[24-Dec-2025 12:07:43 UTC] 0:admin:renderer.php:572: Undefined variable $indicator
[24-Dec-2025 12:07:49 UTC] 0:admin:renderer.php:572: Undefined variable $indicator
[24-Dec-2025 12:09:01 UTC] 0:admin:renderer.php:574: Undefined variable $indicator
[24-Dec-2025 12:10:57 UTC] 0:admin:renderer.php:574: Undefined variable $indicator
[24-Dec-2025 12:10:59 UTC] 0:admin:renderer.php:574: Undefined variable $indicator
[24-Dec-2025 12:11:00 UTC] 0:admin:renderer.php:574: Undefined variable $indicator
[24-Dec-2025 12:11:01 UTC] 0:admin:renderer.php:574: Undefined variable $indicator
[24-Dec-2025 12:11:03 UTC] 0:admin:renderer.php:574: Undefined variable $indicator
[24-Dec-2025 12:11:04 UTC] 0:admin:renderer.php:574: Undefined variable $indicator
[24-Dec-2025 12:33:25 UTC] 0:admin:renderer.php:574: Undefined variable $indicator
[24-Dec-2025 12:33:28 UTC] 0:admin:renderer.php:574: Undefined variable $indicator
[24-Dec-2025 12:33:52 UTC] 0:admin:renderer.php:574: Undefined variable $indicator
[24-Dec-2025 12:34:49 UTC] 0:admin:renderer.php:574: Undefined variable $indicator
[24-Dec-2025 12:34:56 UTC] 0:admin:renderer.php:574: Undefined variable $indicator
[24-Dec-2025 12:34:59 UTC] 0:admin:renderer.php:574: Undefined variable $indicator
[24-Dec-2025 12:35:01 UTC] 0:admin:renderer.php:574: Undefined variable $indicator
[24-Dec-2025 12:35:07 UTC] 0:admin:renderer.php:574: Undefined variable $indicator
[24-Dec-2025 12:35:25 UTC] 0:admin:renderer.php:574: Undefined variable $indicator
[24-Dec-2025 12:35:27 UTC] 0:admin:renderer.php:574: Undefined variable $indicator
[24-Dec-2025 12:35:29 UTC] 0:admin:renderer.php:574: Undefined variable $indicator
[24-Dec-2025 12:35:34 UTC] 0:admin:renderer.php:574: Undefined variable $indicator
[24-Dec-2025 12:35:36 UTC] 0:admin:renderer.php:574: Undefined variable $indicator
[24-Dec-2025 12:35:37 UTC] 0:admin:renderer.php:574: Undefined variable $indicator
[24-Dec-2025 12:35:41 UTC] 0:admin:renderer.php:574: Undefined variable $indicator
[24-Dec-2025 12:35:43 UTC] 0:admin:renderer.php:574: Undefined variable $indicator
[24-Dec-2025 12:35:44 UTC] 0:admin:renderer.php:574: Undefined variable $indicator
[24-Dec-2025 12:35:46 UTC] 0:admin:renderer.php:574: Undefined variable $indicator
[24-Dec-2025 12:35:53 UTC] 0:admin:renderer.php:574: Undefined variable $indicator
[24-Dec-2025 12:35:57 UTC] 0:admin:renderer.php:574: Undefined variable $indicator
[24-Dec-2025 12:35:59 UTC] 0:admin:renderer.php:574: Undefined variable $indicator
[24-Dec-2025 12:36:03 UTC] 0:admin:renderer.php:574: Undefined variable $indicator
[24-Dec-2025 12:36:05 UTC] 0:admin:renderer.php:574: Undefined variable $indicator
[24-Dec-2025 12:40:56 UTC] 0:admin:renderer.php:574: Undefined variable $indicator
[24-Dec-2025 12:40:58 UTC] 0:admin:renderer.php:574: Undefined variable $indicator
[24-Dec-2025 12:40:59 UTC] 0:admin:renderer.php:574: Undefined variable $indicator
[24-Dec-2025 12:41:10 UTC] 0:admin:renderer.php:574: Undefined variable $indicator
[24-Dec-2025 12:41:16 UTC] 0:admin:renderer.php:574: Undefined variable $indicator
[24-Dec-2025 12:41:18 UTC] 0:admin:renderer.php:574: Undefined variable $indicator
[24-Dec-2025 12:41:23 UTC] 0:admin:renderer.php:574: Undefined variable $indicator
[24-Dec-2025 12:41:38 UTC] 0:admin:renderer.php:574: Undefined variable $indicator
[24-Dec-2025 12:41:57 UTC] 0:admin:renderer.php:574: Undefined variable $indicator
[24-Dec-2025 12:48:39 UTC] 0:admin:renderer.php:578: Undefined variable $indicator
[24-Dec-2025 12:48:41 UTC] 0:admin:renderer.php:578: Undefined variable $indicator
[24-Dec-2025 12:48:42 UTC] 0:admin:renderer.php:578: Undefined variable $indicator
[24-Dec-2025 12:48:44 UTC] 0:admin:renderer.php:578: Undefined variable $indicator
[24-Dec-2025 12:48:51 UTC] 0:admin:renderer.php:578: Undefined variable $indicator
[24-Dec-2025 12:48:54 UTC] 0:admin:renderer.php:578: Undefined variable $indicator
[24-Dec-2025 12:48:56 UTC] 0:admin:renderer.php:578: Undefined variable $indicator
[24-Dec-2025 12:48:58 UTC] 0:admin:renderer.php:578: Undefined variable $indicator
[24-Dec-2025 12:49:02 UTC] 0:admin:renderer.php:578: Undefined variable $indicator
[24-Dec-2025 12:49:07 UTC] 0:admin:renderer.php:578: Undefined variable $indicator
[24-Dec-2025 12:49:11 UTC] 0:admin:renderer.php:578: Undefined variable $indicator
[24-Dec-2025 12:49:13 UTC] 0:admin:renderer.php:578: Undefined variable $indicator
[24-Dec-2025 12:50:42 UTC] 0:admin:renderer.php:578: Undefined variable $indicator
[24-Dec-2025 12:50:44 UTC] 0:admin:renderer.php:578: Undefined variable $indicator
[24-Dec-2025 13:38:14 UTC] 0:admin:renderer.php:578: Undefined variable $indicator
[24-Dec-2025 13:38:17 UTC] 0:admin:renderer.php:578: Undefined variable $indicator
[24-Dec-2025 14:31:15 UTC] 0:admin:renderer.php:578: Undefined variable $indicator
[24-Dec-2025 14:31:19 UTC] 0:admin:renderer.php:578: Undefined variable $indicator
[24-Dec-2025 14:31:40 UTC] 0:admin:renderer.php:578: Undefined variable $indicator
[24-Dec-2025 14:31:47 UTC] 0:admin:renderer.php:586: Undefined variable $indicator
[24-Dec-2025 14:32:42 UTC] 0:admin:renderer.php:578: Undefined variable $indicator
[24-Dec-2025 14:53:16 UTC] Rounding error 0.01 encountered for trans_type:10,trans_no:6
[24-Dec-2025 14:53:43 UTC] 0:admin:renderer.php:578: Undefined variable $indicator
[24-Dec-2025 14:53:49 UTC] 0:admin:renderer.php:578: Undefined variable $indicator
[24-Dec-2025 14:54:00 UTC] 0:admin:renderer.php:586: Undefined variable $indicator
[24-Dec-2025 14:54:27 UTC] 0:admin:renderer.php:586: Undefined variable $indicator
[24-Dec-2025 14:56:33 UTC] 0:admin:renderer.php:578: Undefined variable $indicator
[24-Dec-2025 14:56:37 UTC] 0:admin:renderer.php:578: Undefined variable $indicator
[24-Dec-2025 14:56:41 UTC] 0:admin:renderer.php:578: Undefined variable $indicator
[24-Dec-2025 14:56:42 UTC] 0:admin:renderer.php:578: Undefined variable $indicator
[24-Dec-2025 14:57:17 UTC] 0:admin:renderer.php:578: Undefined variable $indicator
[24-Dec-2025 14:59:54 UTC] 0:admin:renderer.php:582: Undefined variable $indicator
[24-Dec-2025 14:59:57 UTC] 0:admin:renderer.php:582: Undefined variable $indicator
[24-Dec-2025 14:59:59 UTC] 0:admin:renderer.php:582: Undefined variable $indicator
[24-Dec-2025 15:00:00 UTC] 0:admin:renderer.php:582: Undefined variable $indicator
[24-Dec-2025 15:00:04 UTC] 0:admin:renderer.php:582: Undefined variable $indicator
[24-Dec-2025 15:00:07 UTC] 0:admin:renderer.php:590:[before upgrade] Undefined variable $indicator
[24-Dec-2025 15:00:13 UTC] 0:admin:renderer.php:582: Undefined variable $indicator
[24-Dec-2025 15:00:16 UTC] 0:admin:renderer.php:582: Undefined variable $indicator
[24-Dec-2025 15:00:19 UTC] 0:admin:renderer.php:582: Undefined variable $indicator
[24-Dec-2025 15:00:30 UTC] 0:admin:renderer.php:582: Undefined variable $indicator
[24-Dec-2025 15:02:19 UTC] 0:admin:renderer.php:591: Undefined variable $indicator
[24-Dec-2025 15:02:23 UTC] 0:admin:renderer.php:591: Undefined variable $indicator
[24-Dec-2025 15:02:24 UTC] 0:admin:renderer.php:591: Undefined variable $indicator
[24-Dec-2025 15:02:37 UTC] 0:admin:renderer.php:591: Undefined variable $indicator
[24-Dec-2025 15:03:19 UTC] 0:admin:renderer.php:591: Undefined variable $indicator
[24-Dec-2025 15:06:50 UTC] 0:admin:renderer.php:591: Undefined variable $indicator
[24-Dec-2025 15:07:00 UTC] 0:admin:renderer.php:591: Undefined variable $indicator
[24-Dec-2025 15:07:05 UTC] 0:admin:renderer.php:591: Undefined variable $indicator
[24-Dec-2025 15:07:10 UTC] 0:admin:renderer.php:591: Undefined variable $indicator
[24-Dec-2025 15:07:12 UTC] 0:admin:renderer.php:591: Undefined variable $indicator
[24-Dec-2025 15:14:29 UTC] 0:admin:renderer.php:591: Undefined variable $indicator
[24-Dec-2025 15:14:33 UTC] 0:admin:renderer.php:591: Undefined variable $indicator
[24-Dec-2025 15:14:37 UTC] 0:admin:renderer.php:591: Undefined variable $indicator
[24-Dec-2025 15:14:49 UTC] 0:admin:renderer.php:599:[before upgrade] Undefined variable $indicator
[24-Dec-2025 15:14:53 UTC] 0:admin:renderer.php:591: Undefined variable $indicator
[24-Dec-2025 15:15:39 UTC] 0:admin:renderer.php:591: Undefined variable $indicator
[24-Dec-2025 15:17:16 UTC] 0:admin:renderer.php:591: Undefined variable $indicator
[24-Dec-2025 15:17:21 UTC] 0:admin:renderer.php:591: Undefined variable $indicator
[24-Dec-2025 15:17:24 UTC] 0:admin:renderer.php:591: Undefined variable $indicator
[24-Dec-2025 15:21:00 UTC] 0:admin:renderer.php:591: Undefined variable $indicator
[24-Dec-2025 15:21:05 UTC] 0:admin:renderer.php:591: Undefined variable $indicator
[24-Dec-2025 15:21:19 UTC] 0:admin:renderer.php:591: Undefined variable $indicator
[24-Dec-2025 15:21:21 UTC] 0:admin:renderer.php:591: Undefined variable $indicator
[24-Dec-2025 15:21:22 UTC] 0:admin:renderer.php:591: Undefined variable $indicator
[24-Dec-2025 15:21:40 UTC] 0:admin:renderer.php:591: Undefined variable $indicator
[24-Dec-2025 15:23:17 UTC] 0:admin:renderer.php:591: Undefined variable $indicator
[24-Dec-2025 15:23:28 UTC] 0:admin:renderer.php:591: Undefined variable $indicator
[24-Dec-2025 15:23:31 UTC] 0:admin:renderer.php:591: Undefined variable $indicator
[24-Dec-2025 15:23:34 UTC] 0:admin:renderer.php:591: Undefined variable $indicator
[24-Dec-2025 15:24:51 UTC] 0:admin:renderer.php:591: Undefined variable $indicator
[24-Dec-2025 15:24:53 UTC] 0:admin:renderer.php:599:[before upgrade] Undefined variable $indicator
[24-Dec-2025 15:24:58 UTC] 0:admin:renderer.php:591: Undefined variable $indicator
[24-Dec-2025 15:25:15 UTC] 0:admin:renderer.php:591: Undefined variable $indicator
[24-Dec-2025 15:25:17 UTC] 0:admin:renderer.php:591: Undefined variable $indicator
[24-Dec-2025 15:25:20 UTC] 0:admin:renderer.php:591: Undefined variable $indicator
[24-Dec-2025 15:27:51 UTC] 0:admin:renderer.php:599:[before upgrade] Undefined variable $indicator
[24-Dec-2025 15:28:26 UTC] 0:admin:renderer.php:591: Undefined variable $indicator
[24-Dec-2025 15:28:42 UTC] 0:admin:renderer.php:591: Undefined variable $indicator
[24-Dec-2025 15:28:49 UTC] 0:admin:renderer.php:591: Undefined variable $indicator
[24-Dec-2025 15:28:51 UTC] 0:admin:renderer.php:591: Undefined variable $indicator
[24-Dec-2025 15:28:59 UTC] 0:admin:renderer.php:591: Undefined variable $indicator
[24-Dec-2025 15:29:03 UTC] 0:admin:renderer.php:591: Undefined variable $indicator
[24-Dec-2025 15:29:05 UTC] 0:admin:renderer.php:591: Undefined variable $indicator
[24-Dec-2025 15:29:07 UTC] 0:admin:renderer.php:591: Undefined variable $indicator
[24-Dec-2025 15:29:08 UTC] 0:admin:renderer.php:591: Undefined variable $indicator
[24-Dec-2025 15:29:08 UTC] 0:admin:stock_transfers_ui.inc:135: Trying to access array offset on false
[24-Dec-2025 15:29:08 UTC] 0:admin:stock_transfers_ui.inc:137: Trying to access array offset on false
[24-Dec-2025 15:29:09 UTC] 0:admin:renderer.php:591: Undefined variable $indicator
[24-Dec-2025 15:29:11 UTC] 0:admin:renderer.php:591: Undefined variable $indicator
[24-Dec-2025 15:29:14 UTC] 0:admin:renderer.php:591: Undefined variable $indicator
[24-Dec-2025 15:29:49 UTC] 0:admin:renderer.php:591: Undefined variable $indicator
[24-Dec-2025 15:29:57 UTC] 0:admin:renderer.php:591: Undefined variable $indicator
[24-Dec-2025 15:30:33 UTC] 0:admin:renderer.php:591: Undefined variable $indicator
[24-Dec-2025 15:30:39 UTC] 0:admin:renderer.php:591: Undefined variable $indicator
[24-Dec-2025 15:30:41 UTC] 0:admin:renderer.php:591: Undefined variable $indicator
[24-Dec-2025 15:30:44 UTC] 0:admin:renderer.php:599: Undefined variable $indicator
[24-Dec-2025 15:31:31 UTC] 0:admin:renderer.php:591: Undefined variable $indicator
[24-Dec-2025 15:31:32 UTC] 0:admin:renderer.php:591: Undefined variable $indicator
[24-Dec-2025 20:11:23 UTC] 0:admin:renderer.php:591: Undefined variable $indicator
[24-Dec-2025 20:11:28 UTC] 0:admin:renderer.php:591: Undefined variable $indicator
[24-Dec-2025 20:26:59 UTC] 0:admin:header.inc:157: include_once(/var/www/vhosts/frontaccounting.local/web/themes/adminlte4/renderer.php): Failed to open stream: No such file or directory
[24-Dec-2025 20:26:59 UTC] 0:admin:header.inc:157: include_once(): Failed opening '/var/www/vhosts/frontaccounting.local/web/themes/adminlte4/renderer.php' for inclusion (include_path='.:/usr/share/pear:/usr/share/php')
[24-Dec-2025 20:26:59 UTC] 0:admin:header.inc:158: Unhandled exception [0]: Class "renderer" not found.
[24-Dec-2025 20:26:59 UTC] 0:admin:footer.inc:19: include_once(../themes/adminlte4/renderer.php): Failed to open stream: No such file or directory
[24-Dec-2025 20:26:59 UTC] 0:admin:footer.inc:19: include_once(): Failed opening '../themes/adminlte4/renderer.php' for inclusion (include_path='.:/usr/share/pear:/usr/share/php')
[24-Dec-2025 20:27:02 UTC] 0:admin:frontaccounting.php:58: include_once(./themes/adminlte4/renderer.php): Failed to open stream: No such file or directory
[24-Dec-2025 20:27:02 UTC] 0:admin:frontaccounting.php:58: include_once(): Failed opening './themes/adminlte4/renderer.php' for inclusion (include_path='.:/usr/share/pear:/usr/share/php')
[24-Dec-2025 20:27:02 UTC] 0:admin:frontaccounting.php:61: Unhandled exception [0]: Class "renderer" not found.
[24-Dec-2025 20:27:02 UTC] 0:admin:footer.inc:19: include_once(./themes/adminlte4/renderer.php): Failed to open stream: No such file or directory
[24-Dec-2025 20:27:02 UTC] 0:admin:footer.inc:19: include_once(): Failed opening './themes/adminlte4/renderer.php' for inclusion (include_path='.:/usr/share/pear:/usr/share/php')
[24-Dec-2025 20:27:02 UTC] 0:admin:frontaccounting.php:58: include_once(./themes/adminlte4/renderer.php): Failed to open stream: No such file or directory
[24-Dec-2025 20:27:02 UTC] 0:admin:frontaccounting.php:58: include_once(): Failed opening './themes/adminlte4/renderer.php' for inclusion (include_path='.:/usr/share/pear:/usr/share/php')
[24-Dec-2025 20:27:02 UTC] 0:admin:frontaccounting.php:61: Unhandled exception [0]: Class "renderer" not found.
[24-Dec-2025 20:27:02 UTC] 0:admin:footer.inc:19: include_once(./themes/adminlte4/renderer.php): Failed to open stream: No such file or directory
[24-Dec-2025 20:27:02 UTC] 0:admin:footer.inc:19: include_once(): Failed opening './themes/adminlte4/renderer.php' for inclusion (include_path='.:/usr/share/pear:/usr/share/php')
[24-Dec-2025 20:27:02 UTC] 0:admin:frontaccounting.php:58: include_once(./themes/adminlte4/renderer.php): Failed to open stream: No such file or directory
[24-Dec-2025 20:27:02 UTC] 0:admin:frontaccounting.php:58: include_once(): Failed opening './themes/adminlte4/renderer.php' for inclusion (include_path='.:/usr/share/pear:/usr/share/php')
[24-Dec-2025 20:27:02 UTC] 0:admin:frontaccounting.php:61: Unhandled exception [0]: Class "renderer" not found.
[24-Dec-2025 20:27:02 UTC] 0:admin:footer.inc:19: include_once(./themes/adminlte4/renderer.php): Failed to open stream: No such file or directory
[24-Dec-2025 20:27:02 UTC] 0:admin:footer.inc:19: include_once(): Failed opening './themes/adminlte4/renderer.php' for inclusion (include_path='.:/usr/share/pear:/usr/share/php')
[24-Dec-2025 20:27:02 UTC] 0:admin:frontaccounting.php:58: include_once(./themes/adminlte4/renderer.php): Failed to open stream: No such file or directory
[24-Dec-2025 20:27:02 UTC] 0:admin:frontaccounting.php:58: include_once(./themes/adminlte4/renderer.php): Failed to open stream: No such file or directory
[24-Dec-2025 20:27:02 UTC] 0:admin:frontaccounting.php:58: include_once(): Failed opening './themes/adminlte4/renderer.php' for inclusion (include_path='.:/usr/share/pear:/usr/share/php')
[24-Dec-2025 20:27:02 UTC] 0:admin:frontaccounting.php:58: include_once(): Failed opening './themes/adminlte4/renderer.php' for inclusion (include_path='.:/usr/share/pear:/usr/share/php')
[24-Dec-2025 20:27:02 UTC] 0:admin:frontaccounting.php:61: Unhandled exception [0]: Class "renderer" not found.
[24-Dec-2025 20:27:02 UTC] 0:admin:frontaccounting.php:61: Unhandled exception [0]: Class "renderer" not found.
[24-Dec-2025 20:27:02 UTC] 0:admin:footer.inc:19: include_once(./themes/adminlte4/renderer.php): Failed to open stream: No such file or directory
[24-Dec-2025 20:27:02 UTC] 0:admin:footer.inc:19: include_once(./themes/adminlte4/renderer.php): Failed to open stream: No such file or directory
[24-Dec-2025 20:27:02 UTC] 0:admin:footer.inc:19: include_once(): Failed opening './themes/adminlte4/renderer.php' for inclusion (include_path='.:/usr/share/pear:/usr/share/php')
[24-Dec-2025 20:27:02 UTC] 0:admin:footer.inc:19: include_once(): Failed opening './themes/adminlte4/renderer.php' for inclusion (include_path='.:/usr/share/pear:/usr/share/php')
[24-Dec-2025 20:27:05 UTC] 0:admin:header.inc:157: include_once(../themes/adminlte4/renderer.php): Failed to open stream: No such file or directory
[24-Dec-2025 20:27:05 UTC] 0:admin:header.inc:157: include_once(): Failed opening '../themes/adminlte4/renderer.php' for inclusion (include_path='.:/usr/share/pear:/usr/share/php')
[24-Dec-2025 20:27:05 UTC] 0:admin:header.inc:158: Unhandled exception [0]: Class "renderer" not found.
[24-Dec-2025 20:27:05 UTC] 0:admin:footer.inc:19: include_once(../themes/adminlte4/renderer.php): Failed to open stream: No such file or directory
[24-Dec-2025 20:27:05 UTC] 0:admin:footer.inc:19: include_once(): Failed opening '../themes/adminlte4/renderer.php' for inclusion (include_path='.:/usr/share/pear:/usr/share/php')
[24-Dec-2025 20:27:10 UTC] 0:admin:frontaccounting.php:58: include_once(./themes/adminlte4/renderer.php): Failed to open stream: No such file or directory
[24-Dec-2025 20:27:10 UTC] 0:admin:frontaccounting.php:58: include_once(): Failed opening './themes/adminlte4/renderer.php' for inclusion (include_path='.:/usr/share/pear:/usr/share/php')
[24-Dec-2025 20:27:10 UTC] 0:admin:frontaccounting.php:61: Unhandled exception [0]: Class "renderer" not found.
[24-Dec-2025 20:27:10 UTC] 0:admin:footer.inc:19: include_once(./themes/adminlte4/renderer.php): Failed to open stream: No such file or directory
[24-Dec-2025 20:27:10 UTC] 0:admin:footer.inc:19: include_once(): Failed opening './themes/adminlte4/renderer.php' for inclusion (include_path='.:/usr/share/pear:/usr/share/php')
[24-Dec-2025 20:28:47 UTC] 0:admin:frontaccounting.php:58: include_once(./themes/adminlte4/renderer.php): Failed to open stream: No such file or directory
[24-Dec-2025 20:28:47 UTC] 0:admin:frontaccounting.php:58: include_once(): Failed opening './themes/adminlte4/renderer.php' for inclusion (include_path='.:/usr/share/pear:/usr/share/php')
[24-Dec-2025 20:28:47 UTC] 0:admin:frontaccounting.php:61: Unhandled exception [0]: Class "renderer" not found.
[24-Dec-2025 20:28:47 UTC] 0:admin:footer.inc:19: include_once(./themes/adminlte4/renderer.php): Failed to open stream: No such file or directory
[24-Dec-2025 20:28:47 UTC] 0:admin:footer.inc:19: include_once(): Failed opening './themes/adminlte4/renderer.php' for inclusion (include_path='.:/usr/share/pear:/usr/share/php')
[24-Dec-2025 20:28:47 UTC] 0:admin:frontaccounting.php:58: include_once(./themes/adminlte4/renderer.php): Failed to open stream: No such file or directory
[24-Dec-2025 20:28:47 UTC] 0:admin:frontaccounting.php:58: include_once(): Failed opening './themes/adminlte4/renderer.php' for inclusion (include_path='.:/usr/share/pear:/usr/share/php')
[24-Dec-2025 20:28:47 UTC] 0:admin:frontaccounting.php:61: Unhandled exception [0]: Class "renderer" not found.
[24-Dec-2025 20:28:47 UTC] 0:admin:footer.inc:19: include_once(./themes/adminlte4/renderer.php): Failed to open stream: No such file or directory
[24-Dec-2025 20:28:47 UTC] 0:admin:footer.inc:19: include_once(): Failed opening './themes/adminlte4/renderer.php' for inclusion (include_path='.:/usr/share/pear:/usr/share/php')
[24-Dec-2025 20:28:48 UTC] 0:admin:frontaccounting.php:58: include_once(./themes/adminlte4/renderer.php): Failed to open stream: No such file or directory
[24-Dec-2025 20:28:48 UTC] 0:admin:frontaccounting.php:58: include_once(): Failed opening './themes/adminlte4/renderer.php' for inclusion (include_path='.:/usr/share/pear:/usr/share/php')
[24-Dec-2025 20:28:48 UTC] 0:admin:frontaccounting.php:61: Unhandled exception [0]: Class "renderer" not found.
[24-Dec-2025 20:28:48 UTC] 0:admin:footer.inc:19: include_once(./themes/adminlte4/renderer.php): Failed to open stream: No such file or directory
[24-Dec-2025 20:28:48 UTC] 0:admin:footer.inc:19: include_once(): Failed opening './themes/adminlte4/renderer.php' for inclusion (include_path='.:/usr/share/pear:/usr/share/php')
[24-Dec-2025 20:28:54 UTC] 0:admin:frontaccounting.php:58: include_once(./themes/adminlte4/renderer.php): Failed to open stream: No such file or directory
[24-Dec-2025 20:28:54 UTC] 0:admin:frontaccounting.php:58: include_once(): Failed opening './themes/adminlte4/renderer.php' for inclusion (include_path='.:/usr/share/pear:/usr/share/php')
[24-Dec-2025 20:28:54 UTC] 0:admin:frontaccounting.php:61: Unhandled exception [0]: Class "renderer" not found.
[24-Dec-2025 20:28:54 UTC] 0:admin:footer.inc:19: include_once(./themes/adminlte4/renderer.php): Failed to open stream: No such file or directory
[24-Dec-2025 20:28:54 UTC] 0:admin:footer.inc:19: include_once(): Failed opening './themes/adminlte4/renderer.php' for inclusion (include_path='.:/usr/share/pear:/usr/share/php')
[24-Dec-2025 20:29:04 UTC] 0:admin:frontaccounting.php:58: include_once(./themes/adminlte4/renderer.php): Failed to open stream: No such file or directory
[24-Dec-2025 20:29:04 UTC] 0:admin:frontaccounting.php:58: include_once(): Failed opening './themes/adminlte4/renderer.php' for inclusion (include_path='.:/usr/share/pear:/usr/share/php')
[24-Dec-2025 20:29:04 UTC] 0:admin:frontaccounting.php:61: Unhandled exception [0]: Class "renderer" not found.
[24-Dec-2025 20:29:04 UTC] 0:admin:footer.inc:19: include_once(./themes/adminlte4/renderer.php): Failed to open stream: No such file or directory
[24-Dec-2025 20:29:04 UTC] 0:admin:footer.inc:19: include_once(): Failed opening './themes/adminlte4/renderer.php' for inclusion (include_path='.:/usr/share/pear:/usr/share/php')
[24-Dec-2025 20:29:04 UTC] 0:admin:frontaccounting.php:58: include_once(./themes/adminlte4/renderer.php): Failed to open stream: No such file or directory
[24-Dec-2025 20:29:04 UTC] 0:admin:frontaccounting.php:58: include_once(): Failed opening './themes/adminlte4/renderer.php' for inclusion (include_path='.:/usr/share/pear:/usr/share/php')
[24-Dec-2025 20:29:04 UTC] 0:admin:frontaccounting.php:61: Unhandled exception [0]: Class "renderer" not found.
[24-Dec-2025 20:29:04 UTC] 0:admin:footer.inc:19: include_once(./themes/adminlte4/renderer.php): Failed to open stream: No such file or directory
[24-Dec-2025 20:29:04 UTC] 0:admin:footer.inc:19: include_once(): Failed opening './themes/adminlte4/renderer.php' for inclusion (include_path='.:/usr/share/pear:/usr/share/php')
[24-Dec-2025 20:29:05 UTC] 0:admin:frontaccounting.php:58: include_once(./themes/adminlte4/renderer.php): Failed to open stream: No such file or directory
[24-Dec-2025 20:29:05 UTC] 0:admin:frontaccounting.php:58: include_once(): Failed opening './themes/adminlte4/renderer.php' for inclusion (include_path='.:/usr/share/pear:/usr/share/php')
[24-Dec-2025 20:29:05 UTC] 0:admin:frontaccounting.php:61: Unhandled exception [0]: Class "renderer" not found.
[24-Dec-2025 20:29:05 UTC] 0:admin:footer.inc:19: include_once(./themes/adminlte4/renderer.php): Failed to open stream: No such file or directory
[24-Dec-2025 20:29:05 UTC] 0:admin:footer.inc:19: include_once(): Failed opening './themes/adminlte4/renderer.php' for inclusion (include_path='.:/usr/share/pear:/usr/share/php')
[24-Dec-2025 20:30:12 UTC] 0:admin:frontaccounting.php:58: include_once(./themes/adminlte4/renderer.php): Failed to open stream: No such file or directory
[24-Dec-2025 20:30:12 UTC] 0:admin:frontaccounting.php:58: include_once(): Failed opening './themes/adminlte4/renderer.php' for inclusion (include_path='.:/usr/share/pear:/usr/share/php')
[24-Dec-2025 20:30:12 UTC] 0:admin:frontaccounting.php:61: Unhandled exception [0]: Class "renderer" not found.
[24-Dec-2025 20:30:12 UTC] 0:admin:footer.inc:19: include_once(./themes/adminlte4/renderer.php): Failed to open stream: No such file or directory
[24-Dec-2025 20:30:12 UTC] 0:admin:footer.inc:19: include_once(): Failed opening './themes/adminlte4/renderer.php' for inclusion (include_path='.:/usr/share/pear:/usr/share/php')
[24-Dec-2025 20:30:12 UTC] 0:admin:frontaccounting.php:58: include_once(./themes/adminlte4/renderer.php): Failed to open stream: No such file or directory
[24-Dec-2025 20:30:12 UTC] 0:admin:frontaccounting.php:58: include_once(): Failed opening './themes/adminlte4/renderer.php' for inclusion (include_path='.:/usr/share/pear:/usr/share/php')
[24-Dec-2025 20:30:12 UTC] 0:admin:frontaccounting.php:61: Unhandled exception [0]: Class "renderer" not found.
[24-Dec-2025 20:30:12 UTC] 0:admin:footer.inc:19: include_once(./themes/adminlte4/renderer.php): Failed to open stream: No such file or directory
[24-Dec-2025 20:30:12 UTC] 0:admin:footer.inc:19: include_once(): Failed opening './themes/adminlte4/renderer.php' for inclusion (include_path='.:/usr/share/pear:/usr/share/php')
[24-Dec-2025 20:30:13 UTC] 0:admin:frontaccounting.php:58: include_once(./themes/adminlte4/renderer.php): Failed to open stream: No such file or directory
[24-Dec-2025 20:30:13 UTC] 0:admin:frontaccounting.php:58: include_once(): Failed opening './themes/adminlte4/renderer.php' for inclusion (include_path='.:/usr/share/pear:/usr/share/php')
[24-Dec-2025 20:30:13 UTC] 0:admin:frontaccounting.php:61: Unhandled exception [0]: Class "renderer" not found.
[24-Dec-2025 20:30:13 UTC] 0:admin:footer.inc:19: include_once(./themes/adminlte4/renderer.php): Failed to open stream: No such file or directory
[24-Dec-2025 20:30:13 UTC] 0:admin:footer.inc:19: include_once(): Failed opening './themes/adminlte4/renderer.php' for inclusion (include_path='.:/usr/share/pear:/usr/share/php')
[24-Dec-2025 20:30:13 UTC] 0:admin:frontaccounting.php:58: include_once(./themes/adminlte4/renderer.php): Failed to open stream: No such file or directory
[24-Dec-2025 20:30:13 UTC] 0:admin:frontaccounting.php:58: include_once(): Failed opening './themes/adminlte4/renderer.php' for inclusion (include_path='.:/usr/share/pear:/usr/share/php')
[24-Dec-2025 20:30:13 UTC] 0:admin:frontaccounting.php:61: Unhandled exception [0]: Class "renderer" not found.
[24-Dec-2025 20:30:13 UTC] 0:admin:footer.inc:19: include_once(./themes/adminlte4/renderer.php): Failed to open stream: No such file or directory
[24-Dec-2025 20:30:13 UTC] 0:admin:footer.inc:19: include_once(): Failed opening './themes/adminlte4/renderer.php' for inclusion (include_path='.:/usr/share/pear:/usr/share/php')
[24-Dec-2025 20:30:14 UTC] 0:admin:frontaccounting.php:58: include_once(./themes/adminlte4/renderer.php): Failed to open stream: No such file or directory
[24-Dec-2025 20:30:14 UTC] 0:admin:frontaccounting.php:58: include_once(): Failed opening './themes/adminlte4/renderer.php' for inclusion (include_path='.:/usr/share/pear:/usr/share/php')
[24-Dec-2025 20:30:14 UTC] 0:admin:frontaccounting.php:61: Unhandled exception [0]: Class "renderer" not found.
[24-Dec-2025 20:30:14 UTC] 0:admin:footer.inc:19: include_once(./themes/adminlte4/renderer.php): Failed to open stream: No such file or directory
[24-Dec-2025 20:30:14 UTC] 0:admin:footer.inc:19: include_once(): Failed opening './themes/adminlte4/renderer.php' for inclusion (include_path='.:/usr/share/pear:/usr/share/php')
[24-Dec-2025 20:30:14 UTC] 0:admin:frontaccounting.php:58: include_once(./themes/adminlte4/renderer.php): Failed to open stream: No such file or directory
[24-Dec-2025 20:30:14 UTC] 0:admin:frontaccounting.php:58: include_once(): Failed opening './themes/adminlte4/renderer.php' for inclusion (include_path='.:/usr/share/pear:/usr/share/php')
[24-Dec-2025 20:30:14 UTC] 0:admin:frontaccounting.php:61: Unhandled exception [0]: Class "renderer" not found.
[24-Dec-2025 20:30:14 UTC] 0:admin:footer.inc:19: include_once(./themes/adminlte4/renderer.php): Failed to open stream: No such file or directory
[24-Dec-2025 20:30:14 UTC] 0:admin:footer.inc:19: include_once(): Failed opening './themes/adminlte4/renderer.php' for inclusion (include_path='.:/usr/share/pear:/usr/share/php')
[24-Dec-2025 20:30:14 UTC] 0:admin:frontaccounting.php:58: include_once(./themes/adminlte4/renderer.php): Failed to open stream: No such file or directory
[24-Dec-2025 20:30:14 UTC] 0:admin:frontaccounting.php:58: include_once(): Failed opening './themes/adminlte4/renderer.php' for inclusion (include_path='.:/usr/share/pear:/usr/share/php')
[24-Dec-2025 20:30:14 UTC] 0:admin:frontaccounting.php:61: Unhandled exception [0]: Class "renderer" not found.
[24-Dec-2025 20:30:14 UTC] 0:admin:footer.inc:19: include_once(./themes/adminlte4/renderer.php): Failed to open stream: No such file or directory
[24-Dec-2025 20:30:14 UTC] 0:admin:footer.inc:19: include_once(): Failed opening './themes/adminlte4/renderer.php' for inclusion (include_path='.:/usr/share/pear:/usr/share/php')
[24-Dec-2025 20:30:14 UTC] 0:admin:frontaccounting.php:58: include_once(./themes/adminlte4/renderer.php): Failed to open stream: No such file or directory
[24-Dec-2025 20:30:14 UTC] 0:admin:frontaccounting.php:58: include_once(): Failed opening './themes/adminlte4/renderer.php' for inclusion (include_path='.:/usr/share/pear:/usr/share/php')
[24-Dec-2025 20:30:14 UTC] 0:admin:frontaccounting.php:61: Unhandled exception [0]: Class "renderer" not found.
[24-Dec-2025 20:30:14 UTC] 0:admin:footer.inc:19: include_once(./themes/adminlte4/renderer.php): Failed to open stream: No such file or directory
[24-Dec-2025 20:30:14 UTC] 0:admin:footer.inc:19: include_once(): Failed opening './themes/adminlte4/renderer.php' for inclusion (include_path='.:/usr/share/pear:/usr/share/php')
[24-Dec-2025 20:30:15 UTC] 0:admin:frontaccounting.php:58: include_once(./themes/adminlte4/renderer.php): Failed to open stream: No such file or directory
[24-Dec-2025 20:30:15 UTC] 0:admin:frontaccounting.php:58: include_once(): Failed opening './themes/adminlte4/renderer.php' for inclusion (include_path='.:/usr/share/pear:/usr/share/php')
[24-Dec-2025 20:30:15 UTC] 0:admin:frontaccounting.php:61: Unhandled exception [0]: Class "renderer" not found.
[24-Dec-2025 20:30:15 UTC] 0:admin:footer.inc:19: include_once(./themes/adminlte4/renderer.php): Failed to open stream: No such file or directory
[24-Dec-2025 20:30:15 UTC] 0:admin:footer.inc:19: include_once(): Failed opening './themes/adminlte4/renderer.php' for inclusion (include_path='.:/usr/share/pear:/usr/share/php')
[24-Dec-2025 20:30:15 UTC] 0:admin:frontaccounting.php:58: include_once(./themes/adminlte4/renderer.php): Failed to open stream: No such file or directory
[24-Dec-2025 20:30:15 UTC] 0:admin:frontaccounting.php:58: include_once(): Failed opening './themes/adminlte4/renderer.php' for inclusion (include_path='.:/usr/share/pear:/usr/share/php')
[24-Dec-2025 20:30:15 UTC] 0:admin:frontaccounting.php:61: Unhandled exception [0]: Class "renderer" not found.
[24-Dec-2025 20:30:15 UTC] 0:admin:footer.inc:19: include_once(./themes/adminlte4/renderer.php): Failed to open stream: No such file or directory
[24-Dec-2025 20:30:15 UTC] 0:admin:footer.inc:19: include_once(): Failed opening './themes/adminlte4/renderer.php' for inclusion (include_path='.:/usr/share/pear:/usr/share/php')
[24-Dec-2025 20:30:15 UTC] 0:admin:frontaccounting.php:58: include_once(./themes/adminlte4/renderer.php): Failed to open stream: No such file or directory
[24-Dec-2025 20:30:15 UTC] 0:admin:frontaccounting.php:58: include_once(): Failed opening './themes/adminlte4/renderer.php' for inclusion (include_path='.:/usr/share/pear:/usr/share/php')
[24-Dec-2025 20:30:15 UTC] 0:admin:frontaccounting.php:61: Unhandled exception [0]: Class "renderer" not found.
[24-Dec-2025 20:30:15 UTC] 0:admin:footer.inc:19: include_once(./themes/adminlte4/renderer.php): Failed to open stream: No such file or directory
[24-Dec-2025 20:30:15 UTC] 0:admin:footer.inc:19: include_once(): Failed opening './themes/adminlte4/renderer.php' for inclusion (include_path='.:/usr/share/pear:/usr/share/php')
[24-Dec-2025 20:30:15 UTC] 0:admin:frontaccounting.php:58: include_once(./themes/adminlte4/renderer.php): Failed to open stream: No such file or directory
[24-Dec-2025 20:30:15 UTC] 0:admin:frontaccounting.php:58: include_once(): Failed opening './themes/adminlte4/renderer.php' for inclusion (include_path='.:/usr/share/pear:/usr/share/php')
[24-Dec-2025 20:30:15 UTC] 0:admin:frontaccounting.php:61: Unhandled exception [0]: Class "renderer" not found.
[24-Dec-2025 20:30:15 UTC] 0:admin:footer.inc:19: include_once(./themes/adminlte4/renderer.php): Failed to open stream: No such file or directory
[24-Dec-2025 20:30:15 UTC] 0:admin:footer.inc:19: include_once(): Failed opening './themes/adminlte4/renderer.php' for inclusion (include_path='.:/usr/share/pear:/usr/share/php')
[24-Dec-2025 20:30:16 UTC] 0:admin:frontaccounting.php:58: include_once(./themes/adminlte4/renderer.php): Failed to open stream: No such file or directory
[24-Dec-2025 20:30:16 UTC] 0:admin:frontaccounting.php:58: include_once(): Failed opening './themes/adminlte4/renderer.php' for inclusion (include_path='.:/usr/share/pear:/usr/share/php')
[24-Dec-2025 20:30:16 UTC] 0:admin:frontaccounting.php:61: Unhandled exception [0]: Class "renderer" not found.
[24-Dec-2025 20:30:16 UTC] 0:admin:footer.inc:19: include_once(./themes/adminlte4/renderer.php): Failed to open stream: No such file or directory
[24-Dec-2025 20:30:16 UTC] 0:admin:footer.inc:19: include_once(): Failed opening './themes/adminlte4/renderer.php' for inclusion (include_path='.:/usr/share/pear:/usr/share/php')
[24-Dec-2025 20:30:16 UTC] 0:admin:frontaccounting.php:58: include_once(./themes/adminlte4/renderer.php): Failed to open stream: No such file or directory
[24-Dec-2025 20:30:16 UTC] 0:admin:frontaccounting.php:58: include_once(): Failed opening './themes/adminlte4/renderer.php' for inclusion (include_path='.:/usr/share/pear:/usr/share/php')
[24-Dec-2025 20:30:16 UTC] 0:admin:frontaccounting.php:61: Unhandled exception [0]: Class "renderer" not found.
[24-Dec-2025 20:30:16 UTC] 0:admin:footer.inc:19: include_once(./themes/adminlte4/renderer.php): Failed to open stream: No such file or directory
[24-Dec-2025 20:30:16 UTC] 0:admin:footer.inc:19: include_once(): Failed opening './themes/adminlte4/renderer.php' for inclusion (include_path='.:/usr/share/pear:/usr/share/php')
[24-Dec-2025 20:30:16 UTC] 0:admin:frontaccounting.php:58: include_once(./themes/adminlte4/renderer.php): Failed to open stream: No such file or directory
[24-Dec-2025 20:30:16 UTC] 0:admin:frontaccounting.php:58: include_once(): Failed opening './themes/adminlte4/renderer.php' for inclusion (include_path='.:/usr/share/pear:/usr/share/php')
[24-Dec-2025 20:30:16 UTC] 0:admin:frontaccounting.php:61: Unhandled exception [0]: Class "renderer" not found.
[24-Dec-2025 20:30:16 UTC] 0:admin:footer.inc:19: include_once(./themes/adminlte4/renderer.php): Failed to open stream: No such file or directory
[24-Dec-2025 20:30:16 UTC] 0:admin:footer.inc:19: include_once(): Failed opening './themes/adminlte4/renderer.php' for inclusion (include_path='.:/usr/share/pear:/usr/share/php')
[24-Dec-2025 20:30:17 UTC] 0:admin:frontaccounting.php:58: include_once(./themes/adminlte4/renderer.php): Failed to open stream: No such file or directory
[24-Dec-2025 20:30:17 UTC] 0:admin:frontaccounting.php:58: include_once(): Failed opening './themes/adminlte4/renderer.php' for inclusion (include_path='.:/usr/share/pear:/usr/share/php')
[24-Dec-2025 20:30:17 UTC] 0:admin:frontaccounting.php:61: Unhandled exception [0]: Class "renderer" not found.
[24-Dec-2025 20:30:17 UTC] 0:admin:footer.inc:19: include_once(./themes/adminlte4/renderer.php): Failed to open stream: No such file or directory
[24-Dec-2025 20:30:17 UTC] 0:admin:footer.inc:19: include_once(): Failed opening './themes/adminlte4/renderer.php' for inclusion (include_path='.:/usr/share/pear:/usr/share/php')
[24-Dec-2025 20:30:31 UTC] 0:admin:renderer.php:591: Undefined variable $indicator
[24-Dec-2025 20:30:36 UTC] 0:admin:frontaccounting.php:58: include_once(./themes/adminlte4/renderer.php): Failed to open stream: No such file or directory
[24-Dec-2025 20:30:36 UTC] 0:admin:frontaccounting.php:58: include_once(): Failed opening './themes/adminlte4/renderer.php' for inclusion (include_path='.:/usr/share/pear:/usr/share/php')
[24-Dec-2025 20:30:36 UTC] 0:admin:frontaccounting.php:61: Unhandled exception [0]: Class "renderer" not found.
[24-Dec-2025 20:30:36 UTC] 0:admin:footer.inc:19: include_once(./themes/adminlte4/renderer.php): Failed to open stream: No such file or directory
[24-Dec-2025 20:30:36 UTC] 0:admin:footer.inc:19: include_once(): Failed opening './themes/adminlte4/renderer.php' for inclusion (include_path='.:/usr/share/pear:/usr/share/php')
[24-Dec-2025 20:30:36 UTC] 0:admin:frontaccounting.php:58: include_once(./themes/adminlte4/renderer.php): Failed to open stream: No such file or directory
[24-Dec-2025 20:30:36 UTC] 0:admin:frontaccounting.php:58: include_once(): Failed opening './themes/adminlte4/renderer.php' for inclusion (include_path='.:/usr/share/pear:/usr/share/php')
[24-Dec-2025 20:30:36 UTC] 0:admin:frontaccounting.php:61: Unhandled exception [0]: Class "renderer" not found.
[24-Dec-2025 20:30:36 UTC] 0:admin:footer.inc:19: include_once(./themes/adminlte4/renderer.php): Failed to open stream: No such file or directory
[24-Dec-2025 20:30:36 UTC] 0:admin:footer.inc:19: include_once(): Failed opening './themes/adminlte4/renderer.php' for inclusion (include_path='.:/usr/share/pear:/usr/share/php')
[24-Dec-2025 20:30:37 UTC] 0:admin:frontaccounting.php:58: include_once(./themes/adminlte4/renderer.php): Failed to open stream: No such file or directory
[24-Dec-2025 20:30:37 UTC] 0:admin:frontaccounting.php:58: include_once(): Failed opening './themes/adminlte4/renderer.php' for inclusion (include_path='.:/usr/share/pear:/usr/share/php')
[24-Dec-2025 20:30:37 UTC] 0:admin:frontaccounting.php:61: Unhandled exception [0]: Class "renderer" not found.
[24-Dec-2025 20:30:37 UTC] 0:admin:footer.inc:19: include_once(./themes/adminlte4/renderer.php): Failed to open stream: No such file or directory
[24-Dec-2025 20:30:37 UTC] 0:admin:footer.inc:19: include_once(): Failed opening './themes/adminlte4/renderer.php' for inclusion (include_path='.:/usr/share/pear:/usr/share/php')
[24-Dec-2025 20:30:37 UTC] 0:admin:frontaccounting.php:58: include_once(./themes/adminlte4/renderer.php): Failed to open stream: No such file or directory
[24-Dec-2025 20:30:37 UTC] 0:admin:frontaccounting.php:58: include_once(): Failed opening './themes/adminlte4/renderer.php' for inclusion (include_path='.:/usr/share/pear:/usr/share/php')
[24-Dec-2025 20:30:37 UTC] 0:admin:frontaccounting.php:61: Unhandled exception [0]: Class "renderer" not found.
[24-Dec-2025 20:30:37 UTC] 0:admin:footer.inc:19: include_once(./themes/adminlte4/renderer.php): Failed to open stream: No such file or directory
[24-Dec-2025 20:30:37 UTC] 0:admin:footer.inc:19: include_once(): Failed opening './themes/adminlte4/renderer.php' for inclusion (include_path='.:/usr/share/pear:/usr/share/php')
[24-Dec-2025 20:30:46 UTC] 0:admin:renderer.php:591: Undefined variable $indicator
[24-Dec-2025 20:49:52 UTC] 0:admin:renderer.php:337: Undefined variable $sel_app
[24-Dec-2025 20:49:52 UTC] 0:admin:frontaccounting.php:62: Unhandled exception [0]: Call to undefined method renderer::wa_header().
[24-Dec-2025 20:49:52 UTC] 0:admin:frontaccounting.php:62: Unhandled exception [0]: Call to undefined method renderer::wa_header().
[24-Dec-2025 20:49:52 UTC] 0:admin:frontaccounting.php:62: Unhandled exception [0]: Call to undefined method renderer::wa_header().
[24-Dec-2025 20:49:52 UTC] 0:admin:frontaccounting.php:62: Unhandled exception [0]: Call to undefined method renderer::wa_header().
[24-Dec-2025 20:49:57 UTC] 0:admin:frontaccounting.php:62: Unhandled exception [0]: Call to undefined method renderer::wa_header().
[24-Dec-2025 20:49:57 UTC] 0:admin:frontaccounting.php:62: Unhandled exception [0]: Call to undefined method renderer::wa_header().
[24-Dec-2025 20:49:57 UTC] 0:admin:frontaccounting.php:62: Unhandled exception [0]: Call to undefined method renderer::wa_header().
[24-Dec-2025 20:49:59 UTC] 0:admin:frontaccounting.php:62: Unhandled exception [0]: Call to undefined method renderer::wa_header().
[24-Dec-2025 20:49:59 UTC] 0:admin:frontaccounting.php:62: Unhandled exception [0]: Call to undefined method renderer::wa_header().
[24-Dec-2025 20:49:59 UTC] 0:admin:frontaccounting.php:62: Unhandled exception [0]: Call to undefined method renderer::wa_header().
[24-Dec-2025 20:50:00 UTC] 0:admin:frontaccounting.php:62: Unhandled exception [0]: Call to undefined method renderer::wa_header().
[24-Dec-2025 20:50:00 UTC] 0:admin:frontaccounting.php:62: Unhandled exception [0]: Call to undefined method renderer::wa_header().
[24-Dec-2025 20:50:00 UTC] 0:admin:frontaccounting.php:62: Unhandled exception [0]: Call to undefined method renderer::wa_header().
[24-Dec-2025 20:50:31 UTC] 0:admin:frontaccounting.php:62: Unhandled exception [0]: Call to undefined method renderer::wa_header().
[24-Dec-2025 20:50:31 UTC] 0:admin:frontaccounting.php:62: Unhandled exception [0]: Call to undefined method renderer::wa_header().
[24-Dec-2025 20:50:31 UTC] 0:admin:frontaccounting.php:62: Unhandled exception [0]: Call to undefined method renderer::wa_header().
[24-Dec-2025 20:50:31 UTC] 0:admin:frontaccounting.php:62: Unhandled exception [0]: Call to undefined method renderer::wa_header().
[24-Dec-2025 20:50:31 UTC] 0:admin:frontaccounting.php:62: Unhandled exception [0]: Call to undefined method renderer::wa_header().
[24-Dec-2025 20:50:31 UTC] 0:admin:frontaccounting.php:62: Unhandled exception [0]: Call to undefined method renderer::wa_header().
[24-Dec-2025 20:50:33 UTC] 0:admin:frontaccounting.php:62: Unhandled exception [0]: Call to undefined method renderer::wa_header().
[24-Dec-2025 20:50:33 UTC] 0:admin:frontaccounting.php:62: Unhandled exception [0]: Call to undefined method renderer::wa_header().
[24-Dec-2025 20:50:33 UTC] 0:admin:frontaccounting.php:62: Unhandled exception [0]: Call to undefined method renderer::wa_header().
[24-Dec-2025 20:54:50 UTC] 0::session.inc:537:[before upgrade] Undefined array key "REQUEST_URI"
[24-Dec-2025 20:54:50 UTC] 0::session.inc:334:[before upgrade] htmlspecialchars(): Passing null to parameter #1 ($string) of type string is deprecated
[24-Dec-2025 20:54:50 UTC] 0::login.php:99:[before upgrade] Undefined array key "SERVER_NAME"
[24-Dec-2025 20:56:50 UTC] 0:admin:frontaccounting.php:62: Unhandled exception [0]: Call to undefined method renderer::wa_header().
[24-Dec-2025 20:56:50 UTC] 0:admin:frontaccounting.php:62: Unhandled exception [0]: Call to undefined method renderer::wa_header().
[24-Dec-2025 20:56:50 UTC] 0:admin:frontaccounting.php:62: Unhandled exception [0]: Call to undefined method renderer::wa_header().
[24-Dec-2025 20:56:51 UTC] 0:admin:frontaccounting.php:62: Unhandled exception [0]: Call to undefined method renderer::wa_header().
[24-Dec-2025 20:56:51 UTC] 0:admin:frontaccounting.php:62: Unhandled exception [0]: Call to undefined method renderer::wa_header().
[24-Dec-2025 20:56:51 UTC] 0:admin:frontaccounting.php:62: Unhandled exception [0]: Call to undefined method renderer::wa_header().
[24-Dec-2025 20:56:51 UTC] 0:admin:frontaccounting.php:62: Unhandled exception [0]: Call to undefined method renderer::wa_header().
[24-Dec-2025 20:56:51 UTC] 0:admin:frontaccounting.php:62: Unhandled exception [0]: Call to undefined method renderer::wa_header().
[24-Dec-2025 20:56:51 UTC] 0:admin:frontaccounting.php:62: Unhandled exception [0]: Call to undefined method renderer::wa_header().
[24-Dec-2025 20:56:52 UTC] 0:admin:frontaccounting.php:62: Unhandled exception [0]: Call to undefined method renderer::wa_header().
[24-Dec-2025 20:56:52 UTC] 0:admin:frontaccounting.php:62: Unhandled exception [0]: Call to undefined method renderer::wa_header().
[24-Dec-2025 20:56:52 UTC] 0:admin:frontaccounting.php:62: Unhandled exception [0]: Call to undefined method renderer::wa_header().
[24-Dec-2025 20:56:52 UTC] 0:admin:frontaccounting.php:62: Unhandled exception [0]: Call to undefined method renderer::wa_header().
[24-Dec-2025 20:56:52 UTC] 0:admin:frontaccounting.php:62: Unhandled exception [0]: Call to undefined method renderer::wa_header().
[24-Dec-2025 20:56:52 UTC] 0:admin:frontaccounting.php:62: Unhandled exception [0]: Call to undefined method renderer::wa_header().
[24-Dec-2025 20:57:03 UTC] 0:admin:frontaccounting.php:62: Unhandled exception [0]: Call to undefined method renderer::wa_header().
[24-Dec-2025 20:57:03 UTC] 0:admin:frontaccounting.php:62: Unhandled exception [0]: Call to undefined method renderer::wa_header().
[24-Dec-2025 20:57:03 UTC] 0:admin:frontaccounting.php:62: Unhandled exception [0]: Call to undefined method renderer::wa_header().
[24-Dec-2025 21:00:27 UTC] 0::session.inc:537:[before upgrade] Undefined array key "REQUEST_URI"
[24-Dec-2025 21:00:27 UTC] 0::session.inc:334:[before upgrade] htmlspecialchars(): Passing null to parameter #1 ($string) of type string is deprecated
[24-Dec-2025 21:00:27 UTC] 0::login.php:99:[before upgrade] Undefined array key "SERVER_NAME"
[24-Dec-2025 21:06:29 UTC] 0:admin:frontaccounting.php:62: Unhandled exception [0]: Call to undefined method renderer::wa_header().
[24-Dec-2025 21:06:29 UTC] 0:admin:frontaccounting.php:62: Unhandled exception [0]: Call to undefined method renderer::wa_header().
[24-Dec-2025 21:06:29 UTC] 0:admin:frontaccounting.php:62: Unhandled exception [0]: Call to undefined method renderer::wa_header().
[24-Dec-2025 21:06:33 UTC] 0:admin:frontaccounting.php:62: Unhandled exception [0]: Call to undefined method renderer::wa_header().
[24-Dec-2025 21:06:33 UTC] 0:admin:frontaccounting.php:62: Unhandled exception [0]: Call to undefined method renderer::wa_header().
[24-Dec-2025 21:06:33 UTC] 0:admin:frontaccounting.php:62: Unhandled exception [0]: Call to undefined method renderer::wa_header().
[24-Dec-2025 21:06:35 UTC] 0:admin:frontaccounting.php:62: Unhandled exception [0]: Call to undefined method renderer::wa_header().
[24-Dec-2025 21:06:35 UTC] 0:admin:frontaccounting.php:62: Unhandled exception [0]: Call to undefined method renderer::wa_header().
[24-Dec-2025 21:06:37 UTC] 0:admin:frontaccounting.php:62: Unhandled exception [0]: Call to undefined method renderer::wa_header().
[24-Dec-2025 21:06:37 UTC] 0:admin:frontaccounting.php:62: Unhandled exception [0]: Call to undefined method renderer::wa_header().
[24-Dec-2025 21:06:37 UTC] 0:admin:frontaccounting.php:62: Unhandled exception [0]: Call to undefined method renderer::wa_header().
[24-Dec-2025 21:06:37 UTC] 0:admin:frontaccounting.php:62: Unhandled exception [0]: Call to undefined method renderer::wa_header().
[24-Dec-2025 21:06:39 UTC] 0:admin:renderer.php:341: Undefined variable $sel_app
[24-Dec-2025 21:06:39 UTC] 0:admin:frontaccounting.php:62: Unhandled exception [0]: Call to undefined method renderer::wa_header().
[24-Dec-2025 21:06:39 UTC] 0:admin:frontaccounting.php:62: Unhandled exception [0]: Call to undefined method renderer::wa_header().
[24-Dec-2025 21:06:39 UTC] 0:admin:frontaccounting.php:62: Unhandled exception [0]: Call to undefined method renderer::wa_header().
[24-Dec-2025 21:06:40 UTC] 0:admin:frontaccounting.php:62: Unhandled exception [0]: Call to undefined method renderer::wa_header().
[24-Dec-2025 21:06:41 UTC] 0:admin:frontaccounting.php:62: Unhandled exception [0]: Call to undefined method renderer::wa_header().
[24-Dec-2025 21:06:41 UTC] 0:admin:frontaccounting.php:62: Unhandled exception [0]: Call to undefined method renderer::wa_header().
[24-Dec-2025 21:06:41 UTC] 0:admin:frontaccounting.php:62: Unhandled exception [0]: Call to undefined method renderer::wa_header().
[24-Dec-2025 21:06:45 UTC] 0:admin:frontaccounting.php:62: Unhandled exception [0]: Call to undefined method renderer::wa_header().
[24-Dec-2025 21:06:45 UTC] 0:admin:frontaccounting.php:62: Unhandled exception [0]: Call to undefined method renderer::wa_header().
[24-Dec-2025 21:06:45 UTC] 0:admin:frontaccounting.php:62: Unhandled exception [0]: Call to undefined method renderer::wa_header().
[24-Dec-2025 21:06:45 UTC] 0:admin:frontaccounting.php:62: Unhandled exception [0]: Call to undefined method renderer::wa_header().
[24-Dec-2025 21:06:45 UTC] 0:admin:frontaccounting.php:62: Unhandled exception [0]: Call to undefined method renderer::wa_header().
[24-Dec-2025 21:06:45 UTC] 0:admin:frontaccounting.php:62: Unhandled exception [0]: Call to undefined method renderer::wa_header().
